<?xml version="1.0" encoding="UTF-8"?>
<testsuite xmlns:xsi="http://www.w3.org/2001/XMLSchema-instance" xsi:noNamespaceSchemaLocation="https://maven.apache.org/surefire/maven-surefire-plugin/xsd/surefire-test-report-3.0.xsd" version="3.0" name="com.venkat.BlogApplicationTests" time="13.417" tests="1" errors="0" skipped="0" failures="0">
  <properties>
[...]
</properties>
  <testcase name="contextLoads" classname="com.venkat.BlogApplicationTests" time="0.492">
    <system-out><![CDATA[16:43:20.720 [main] INFO org.springframework.test.context.support.AnnotationConfigContextLoaderUtils -- Could not detect default configuration classes for test class [com.venkat.BlogApplicationTests]: BlogApplicationTests does not declare any static, non-private, non-final, nested classes annotated with @Configuration.
16:43:20.802 [main] INFO org.springframework.boot.test.context.SpringBootTestContextBootstrapper -- Found @SpringBootConfiguration com.venkat.BlogApplication for test class com.venkat.BlogApplicationTests

  .   ____          _            __ _ _
 /\\ / ___'_ __ _ _(_)_ __  __ _ \ \ \ \
( ( )\___ | '_ | '_| | '_ \/ _` | \ \ \ \
 \\/  ___)| |_)| | | | | || (_| |  ) ) ) )
  '  |____| .__|_| |_|_| |_\__, | / / / /
 =========|_|==============|___/=/_/_/_/
 :: Spring Boot ::                (v3.1.2)

2023-08-30T16:43:21.167+05:30  INFO 4938 --- [           main] com.venkat.BlogApplicationTests          : Starting BlogApplicationTests using Java 17.0.7 with PID 4938 (started by venkatasai in /home/venkatasai/blog-application)
2023-08-30T16:43:21.170+05:30  INFO 4938 --- [           main] com.venkat.BlogApplicationTests          : No active profile set, falling back to 1 default profile: "default"
2023-08-30T16:43:21.171+05:30 DEBUG 4938 --- [           main] o.s.boot.SpringApplication               : Loading source class com.venkat.BlogApplication
2023-08-30T16:43:21.204+05:30 DEBUG 4938 --- [           main] o.s.w.c.s.GenericWebApplicationContext   : Refreshing org.springframework.web.context.support.GenericWebApplicationContext@7a56812e
2023-08-30T16:43:21.224+05:30 DEBUG 4938 --- [           main] o.s.b.f.s.DefaultListableBeanFactory     : Creating shared instance of singleton bean 'org.springframework.context.annotation.internalConfigurationAnnotationProcessor'
2023-08-30T16:43:21.245+05:30 DEBUG 4938 --- [           main] o.s.b.f.s.DefaultListableBeanFactory     : Creating shared instance of singleton bean 'org.springframework.boot.autoconfigure.internalCachingMetadataReaderFactory'
2023-08-30T16:43:21.277+05:30 DEBUG 4938 --- [           main] o.s.c.a.ClassPathBeanDefinitionScanner   : Identified candidate component class: file [/home/venkatasai/blog-application/target/classes/com/venkat/blog/config/SecurityConfig.class]
2023-08-30T16:43:21.286+05:30 DEBUG 4938 --- [           main] o.s.c.a.ClassPathBeanDefinitionScanner   : Identified candidate component class: file [/home/venkatasai/blog-application/target/classes/com/venkat/blog/controller/CommentController.class]
2023-08-30T16:43:21.289+05:30 DEBUG 4938 --- [           main] o.s.c.a.ClassPathBeanDefinitionScanner   : Identified candidate component class: file [/home/venkatasai/blog-application/target/classes/com/venkat/blog/controller/HomeController.class]
2023-08-30T16:43:21.290+05:30 DEBUG 4938 --- [           main] o.s.c.a.ClassPathBeanDefinitionScanner   : Identified candidate component class: file [/home/venkatasai/blog-application/target/classes/com/venkat/blog/controller/PostController.class]
2023-08-30T16:43:21.291+05:30 DEBUG 4938 --- [           main] o.s.c.a.ClassPathBeanDefinitionScanner   : Identified candidate component class: file [/home/venkatasai/blog-application/target/classes/com/venkat/blog/controller/UserController.class]
2023-08-30T16:43:21.298+05:30 DEBUG 4938 --- [           main] o.s.c.a.ClassPathBeanDefinitionScanner   : Identified candidate component class: file [/home/venkatasai/blog-application/target/classes/com/venkat/blog/service/implementations/CommentServiceImpl.class]
2023-08-30T16:43:21.299+05:30 DEBUG 4938 --- [           main] o.s.c.a.ClassPathBeanDefinitionScanner   : Identified candidate component class: file [/home/venkatasai/blog-application/target/classes/com/venkat/blog/service/implementations/PostServiceImpl.class]
2023-08-30T16:43:21.300+05:30 DEBUG 4938 --- [           main] o.s.c.a.ClassPathBeanDefinitionScanner   : Identified candidate component class: file [/home/venkatasai/blog-application/target/classes/com/venkat/blog/service/implementations/TagServiceImpl.class]
2023-08-30T16:43:21.300+05:30 DEBUG 4938 --- [           main] o.s.c.a.ClassPathBeanDefinitionScanner   : Identified candidate component class: file [/home/venkatasai/blog-application/target/classes/com/venkat/blog/service/implementations/UserServiceImpl.class]
2023-08-30T16:43:21.842+05:30  INFO 4938 --- [           main] .s.d.r.c.RepositoryConfigurationDelegate : Bootstrapping Spring Data JPA repositories in DEFAULT mode.
2023-08-30T16:43:21.854+05:30 DEBUG 4938 --- [           main] o.s.b.f.s.DefaultListableBeanFactory     : Creating shared instance of singleton bean 'org.springframework.boot.autoconfigure.AutoConfigurationPackages'
2023-08-30T16:43:21.861+05:30 DEBUG 4938 --- [           main] o.s.b.a.AutoConfigurationPackages        : @EnableAutoConfiguration was declared on a class in the package 'com.venkat'. Automatic @Repository and @Entity scanning is enabled.
2023-08-30T16:43:21.862+05:30 DEBUG 4938 --- [           main] .s.d.r.c.RepositoryConfigurationDelegate : Scanning for JPA repositories in packages com.venkat.
2023-08-30T16:43:21.874+05:30 DEBUG 4938 --- [           main] o.s.d.r.c.RepositoryComponentProvider    : Identified candidate component class: file [/home/venkatasai/blog-application/target/classes/com/venkat/blog/repository/CommentRepository.class]
2023-08-30T16:43:21.875+05:30 DEBUG 4938 --- [           main] o.s.d.r.c.RepositoryComponentProvider    : Identified candidate component class: file [/home/venkatasai/blog-application/target/classes/com/venkat/blog/repository/PostRepository.class]
2023-08-30T16:43:21.875+05:30 DEBUG 4938 --- [           main] o.s.d.r.c.RepositoryComponentProvider    : Identified candidate component class: file [/home/venkatasai/blog-application/target/classes/com/venkat/blog/repository/TagRepository.class]
2023-08-30T16:43:21.875+05:30 DEBUG 4938 --- [           main] o.s.d.r.c.RepositoryComponentProvider    : Identified candidate component class: file [/home/venkatasai/blog-application/target/classes/com/venkat/blog/repository/UserRepository.class]
2023-08-30T16:43:21.906+05:30 DEBUG 4938 --- [           main] ssPathScanningCandidateComponentProvider : Identified candidate component class: file [/home/venkatasai/blog-application/target/classes/com/venkat/blog/service/implementations/CommentServiceImpl.class]
2023-08-30T16:43:21.906+05:30 DEBUG 4938 --- [           main] ssPathScanningCandidateComponentProvider : Identified candidate component class: file [/home/venkatasai/blog-application/target/classes/com/venkat/blog/service/implementations/PostServiceImpl.class]
2023-08-30T16:43:21.907+05:30 DEBUG 4938 --- [           main] ssPathScanningCandidateComponentProvider : Identified candidate component class: file [/home/venkatasai/blog-application/target/classes/com/venkat/blog/service/implementations/TagServiceImpl.class]
2023-08-30T16:43:21.907+05:30 DEBUG 4938 --- [           main] ssPathScanningCandidateComponentProvider : Identified candidate component class: file [/home/venkatasai/blog-application/target/classes/com/venkat/blog/service/implementations/UserServiceImpl.class]
2023-08-30T16:43:21.922+05:30  INFO 4938 --- [           main] .s.d.r.c.RepositoryConfigurationDelegate : Finished Spring Data repository scanning in 57 ms. Found 4 JPA repository interfaces.
2023-08-30T16:43:22.169+05:30 DEBUG 4938 --- [           main] o.s.b.f.s.DefaultListableBeanFactory     : Creating shared instance of singleton bean 'propertySourcesPlaceholderConfigurer'
2023-08-30T16:43:22.173+05:30 DEBUG 4938 --- [           main] o.s.b.f.s.DefaultListableBeanFactory     : Creating shared instance of singleton bean 'org.springframework.boot.test.mock.mockito.MockitoPostProcessor'
2023-08-30T16:43:22.175+05:30 DEBUG 4938 --- [           main] o.s.b.f.s.DefaultListableBeanFactory     : Creating shared instance of singleton bean 'emBeanDefinitionRegistrarPostProcessor'
2023-08-30T16:43:22.175+05:30 DEBUG 4938 --- [           main] o.s.b.f.s.DefaultListableBeanFactory     : Creating shared instance of singleton bean 'org.springframework.boot.sql.init.dependency.DatabaseInitializationDependencyConfigurer$DependsOnDatabaseInitializationPostProcessor'
2023-08-30T16:43:22.219+05:30 DEBUG 4938 --- [           main] o.s.b.f.s.DefaultListableBeanFactory     : Creating shared instance of singleton bean 'org.springframework.context.event.internalEventListenerProcessor'
2023-08-30T16:43:22.221+05:30 DEBUG 4938 --- [           main] o.s.b.f.s.DefaultListableBeanFactory     : Creating shared instance of singleton bean 'preserveErrorControllerTargetClassPostProcessor'
2023-08-30T16:43:22.221+05:30 DEBUG 4938 --- [           main] o.s.b.f.s.DefaultListableBeanFactory     : Creating shared instance of singleton bean 'conversionServicePostProcessor'
2023-08-30T16:43:22.241+05:30 DEBUG 4938 --- [           main] o.s.b.f.s.DefaultListableBeanFactory     : Creating shared instance of singleton bean 'org.springframework.context.event.internalEventListenerFactory'
2023-08-30T16:43:22.241+05:30 DEBUG 4938 --- [           main] o.s.b.f.s.DefaultListableBeanFactory     : Creating shared instance of singleton bean 'org.springframework.transaction.config.internalTransactionalEventListenerFactory'
2023-08-30T16:43:22.246+05:30 DEBUG 4938 --- [           main] o.s.b.f.s.DefaultListableBeanFactory     : Creating shared instance of singleton bean 'org.springframework.boot.test.mock.mockito.MockitoPostProcessor$SpyPostProcessor'
2023-08-30T16:43:22.247+05:30 DEBUG 4938 --- [           main] o.s.b.f.s.DefaultListableBeanFactory     : Creating shared instance of singleton bean 'org.springframework.context.annotation.internalAutowiredAnnotationProcessor'
2023-08-30T16:43:22.249+05:30 DEBUG 4938 --- [           main] o.s.b.f.s.DefaultListableBeanFactory     : Creating shared instance of singleton bean 'org.springframework.context.annotation.internalCommonAnnotationProcessor'
2023-08-30T16:43:22.253+05:30 DEBUG 4938 --- [           main] o.s.b.f.s.DefaultListableBeanFactory     : Creating shared instance of singleton bean 'org.springframework.context.annotation.internalPersistenceAnnotationProcessor'
2023-08-30T16:43:22.254+05:30 DEBUG 4938 --- [           main] o.s.b.f.s.DefaultListableBeanFactory     : Creating shared instance of singleton bean 'org.springframework.boot.context.properties.ConfigurationPropertiesBindingPostProcessor'
2023-08-30T16:43:22.254+05:30 DEBUG 4938 --- [           main] o.s.b.f.s.DefaultListableBeanFactory     : Creating shared instance of singleton bean 'org.springframework.boot.context.internalConfigurationPropertiesBinder'
2023-08-30T16:43:22.256+05:30 DEBUG 4938 --- [           main] o.s.b.f.s.DefaultListableBeanFactory     : Creating shared instance of singleton bean 'jdbcConnectionDetailsHikariBeanPostProcessor'
2023-08-30T16:43:22.260+05:30 DEBUG 4938 --- [           main] o.s.b.f.s.DefaultListableBeanFactory     : Creating shared instance of singleton bean 'org.springframework.aop.config.internalAutoProxyCreator'
2023-08-30T16:43:22.279+05:30 DEBUG 4938 --- [           main] o.s.b.f.s.DefaultListableBeanFactory     : Creating shared instance of singleton bean 'persistenceExceptionTranslationPostProcessor'
2023-08-30T16:43:22.291+05:30 DEBUG 4938 --- [           main] o.s.b.f.s.DefaultListableBeanFactory     : Autowiring by type from bean name 'persistenceExceptionTranslationPostProcessor' via factory method to bean named 'environment'
2023-08-30T16:43:22.296+05:30 DEBUG 4938 --- [           main] o.s.b.f.s.DefaultListableBeanFactory     : Creating shared instance of singleton bean 'webServerFactoryCustomizerBeanPostProcessor'
2023-08-30T16:43:22.297+05:30 DEBUG 4938 --- [           main] o.s.b.f.s.DefaultListableBeanFactory     : Creating shared instance of singleton bean 'errorPageRegistrarBeanPostProcessor'
2023-08-30T16:43:22.298+05:30 DEBUG 4938 --- [           main] o.s.b.f.s.DefaultListableBeanFactory     : Creating shared instance of singleton bean 'projectingArgumentResolverBeanPostProcessor'
2023-08-30T16:43:22.300+05:30 DEBUG 4938 --- [           main] o.s.b.f.s.DefaultListableBeanFactory     : Creating shared instance of singleton bean 'org.springframework.transaction.config.internalTransactionAdvisor'
2023-08-30T16:43:22.300+05:30 DEBUG 4938 --- [           main] o.s.b.f.s.DefaultListableBeanFactory     : Creating shared instance of singleton bean 'org.springframework.transaction.annotation.ProxyTransactionManagementConfiguration'
2023-08-30T16:43:22.309+05:30 DEBUG 4938 --- [           main] o.s.b.f.s.DefaultListableBeanFactory     : Creating shared instance of singleton bean 'transactionAttributeSource'
2023-08-30T16:43:22.312+05:30 DEBUG 4938 --- [           main] o.s.b.f.s.DefaultListableBeanFactory     : Creating shared instance of singleton bean 'transactionInterceptor'
2023-08-30T16:43:22.312+05:30 DEBUG 4938 --- [           main] o.s.b.f.s.DefaultListableBeanFactory     : Autowiring by type from bean name 'transactionInterceptor' via factory method to bean named 'transactionAttributeSource'
2023-08-30T16:43:22.317+05:30 DEBUG 4938 --- [           main] o.s.b.f.s.DefaultListableBeanFactory     : Autowiring by type from bean name 'org.springframework.transaction.config.internalTransactionAdvisor' via factory method to bean named 'transactionAttributeSource'
2023-08-30T16:43:22.318+05:30 DEBUG 4938 --- [           main] o.s.b.f.s.DefaultListableBeanFactory     : Autowiring by type from bean name 'org.springframework.transaction.config.internalTransactionAdvisor' via factory method to bean named 'transactionInterceptor'
2023-08-30T16:43:22.340+05:30 DEBUG 4938 --- [           main] o.s.u.c.s.UiApplicationContextUtils      : Unable to locate ThemeSource with name 'themeSource': using default [org.springframework.ui.context.support.ResourceBundleThemeSource@591a4f8e]
2023-08-30T16:43:22.342+05:30 DEBUG 4938 --- [           main] o.s.b.f.s.DefaultListableBeanFactory     : Creating shared instance of singleton bean 'dataSourceScriptDatabaseInitializer'
2023-08-30T16:43:22.343+05:30 DEBUG 4938 --- [           main] o.s.b.f.s.DefaultListableBeanFactory     : Creating shared instance of singleton bean 'org.springframework.boot.autoconfigure.sql.init.DataSourceInitializationConfiguration'
2023-08-30T16:43:22.345+05:30 DEBUG 4938 --- [           main] o.s.b.f.s.DefaultListableBeanFactory     : Creating shared instance of singleton bean 'dataSource'
2023-08-30T16:43:22.346+05:30 DEBUG 4938 --- [           main] o.s.b.f.s.DefaultListableBeanFactory     : Creating shared instance of singleton bean 'org.springframework.boot.autoconfigure.jdbc.DataSourceConfiguration$Hikari'
2023-08-30T16:43:22.347+05:30 DEBUG 4938 --- [           main] o.s.b.f.s.DefaultListableBeanFactory     : Creating shared instance of singleton bean 'spring.datasource-org.springframework.boot.autoconfigure.jdbc.DataSourceProperties'
2023-08-30T16:43:22.350+05:30 DEBUG 4938 --- [           main] o.s.b.f.s.DefaultListableBeanFactory     : Creating shared instance of singleton bean 'org.springframework.boot.context.properties.BoundConfigurationProperties'
2023-08-30T16:43:22.371+05:30 DEBUG 4938 --- [           main] o.s.b.f.s.DefaultListableBeanFactory     : Creating shared instance of singleton bean 'jdbcConnectionDetails'
2023-08-30T16:43:22.371+05:30 DEBUG 4938 --- [           main] o.s.b.f.s.DefaultListableBeanFactory     : Creating shared instance of singleton bean 'org.springframework.boot.autoconfigure.jdbc.DataSourceAutoConfiguration$PooledDataSourceConfiguration'
2023-08-30T16:43:22.372+05:30 DEBUG 4938 --- [           main] o.s.b.f.s.DefaultListableBeanFactory     : Autowiring by type from bean name 'jdbcConnectionDetails' via factory method to bean named 'spring.datasource-org.springframework.boot.autoconfigure.jdbc.DataSourceProperties'
2023-08-30T16:43:22.374+05:30 DEBUG 4938 --- [           main] o.s.b.f.s.DefaultListableBeanFactory     : Autowiring by type from bean name 'dataSource' via factory method to bean named 'spring.datasource-org.springframework.boot.autoconfigure.jdbc.DataSourceProperties'
2023-08-30T16:43:22.374+05:30 DEBUG 4938 --- [           main] o.s.b.f.s.DefaultListableBeanFactory     : Autowiring by type from bean name 'dataSource' via factory method to bean named 'jdbcConnectionDetails'
2023-08-30T16:43:22.397+05:30 DEBUG 4938 --- [           main] o.s.b.f.s.DefaultListableBeanFactory     : Creating shared instance of singleton bean 'spring.sql.init-org.springframework.boot.autoconfigure.sql.init.SqlInitializationProperties'
2023-08-30T16:43:22.400+05:30 DEBUG 4938 --- [           main] o.s.b.f.s.DefaultListableBeanFactory     : Autowiring by type from bean name 'dataSourceScriptDatabaseInitializer' via factory method to bean named 'dataSource'
2023-08-30T16:43:22.401+05:30 DEBUG 4938 --- [           main] o.s.b.f.s.DefaultListableBeanFactory     : Autowiring by type from bean name 'dataSourceScriptDatabaseInitializer' via factory method to bean named 'spring.sql.init-org.springframework.boot.autoconfigure.sql.init.SqlInitializationProperties'
2023-08-30T16:43:22.405+05:30 DEBUG 4938 --- [           main] o.s.b.f.s.DefaultListableBeanFactory     : Creating shared instance of singleton bean 'entityManagerFactory'
2023-08-30T16:43:22.406+05:30 DEBUG 4938 --- [           main] o.s.b.f.s.DefaultListableBeanFactory     : Creating shared instance of singleton bean 'org.springframework.boot.autoconfigure.orm.jpa.HibernateJpaConfiguration'
2023-08-30T16:43:22.407+05:30 DEBUG 4938 --- [           main] o.s.b.f.s.DefaultListableBeanFactory     : Creating shared instance of singleton bean 'spring.jpa-org.springframework.boot.autoconfigure.orm.jpa.JpaProperties'
2023-08-30T16:43:22.413+05:30 DEBUG 4938 --- [           main] o.s.b.f.s.DefaultListableBeanFactory     : Creating shared instance of singleton bean 'spring.jpa.hibernate-org.springframework.boot.autoconfigure.orm.jpa.HibernateProperties'
2023-08-30T16:43:22.416+05:30 DEBUG 4938 --- [           main] o.s.b.f.s.DefaultListableBeanFactory     : Autowiring by type from bean name 'org.springframework.boot.autoconfigure.orm.jpa.HibernateJpaConfiguration' via constructor to bean named 'dataSource'
2023-08-30T16:43:22.416+05:30 DEBUG 4938 --- [           main] o.s.b.f.s.DefaultListableBeanFactory     : Autowiring by type from bean name 'org.springframework.boot.autoconfigure.orm.jpa.HibernateJpaConfiguration' via constructor to bean named 'spring.jpa-org.springframework.boot.autoconfigure.orm.jpa.JpaProperties'
2023-08-30T16:43:22.416+05:30 DEBUG 4938 --- [           main] o.s.b.f.s.DefaultListableBeanFactory     : Autowiring by type from bean name 'org.springframework.boot.autoconfigure.orm.jpa.HibernateJpaConfiguration' via constructor to bean named 'org.springframework.beans.factory.support.DefaultListableBeanFactory@450794b4'
2023-08-30T16:43:22.416+05:30 DEBUG 4938 --- [           main] o.s.b.f.s.DefaultListableBeanFactory     : Autowiring by type from bean name 'org.springframework.boot.autoconfigure.orm.jpa.HibernateJpaConfiguration' via constructor to bean named 'spring.jpa.hibernate-org.springframework.boot.autoconfigure.orm.jpa.HibernateProperties'
2023-08-30T16:43:22.419+05:30 DEBUG 4938 --- [           main] o.s.b.f.s.DefaultListableBeanFactory     : Creating shared instance of singleton bean 'hikariPoolDataSourceMetadataProvider'
2023-08-30T16:43:22.419+05:30 DEBUG 4938 --- [           main] o.s.b.f.s.DefaultListableBeanFactory     : Creating shared instance of singleton bean 'org.springframework.boot.autoconfigure.jdbc.metadata.DataSourcePoolMetadataProvidersConfiguration$HikariPoolDataSourceMetadataProviderConfiguration'
2023-08-30T16:43:22.427+05:30 DEBUG 4938 --- [           main] o.s.b.f.s.DefaultListableBeanFactory     : Creating shared instance of singleton bean 'entityManagerFactoryBuilder'
2023-08-30T16:43:22.428+05:30 DEBUG 4938 --- [           main] o.s.b.f.s.DefaultListableBeanFactory     : Creating shared instance of singleton bean 'jpaVendorAdapter'
2023-08-30T16:43:22.441+05:30 DEBUG 4938 --- [           main] o.s.b.f.s.DefaultListableBeanFactory     : Autowiring by type from bean name 'entityManagerFactoryBuilder' via factory method to bean named 'jpaVendorAdapter'
2023-08-30T16:43:22.445+05:30 DEBUG 4938 --- [           main] o.s.b.f.s.DefaultListableBeanFactory     : Creating shared instance of singleton bean 'persistenceManagedTypes'
2023-08-30T16:43:22.446+05:30 DEBUG 4938 --- [           main] o.s.b.f.s.DefaultListableBeanFactory     : Autowiring by type from bean name 'persistenceManagedTypes' via factory method to bean named 'org.springframework.beans.factory.support.DefaultListableBeanFactory@450794b4'
2023-08-30T16:43:22.447+05:30 DEBUG 4938 --- [           main] o.s.b.f.s.DefaultListableBeanFactory     : Autowiring by type from bean name 'persistenceManagedTypes' via factory method to bean named 'org.springframework.web.context.support.GenericWebApplicationContext@7a56812e'
2023-08-30T16:43:22.455+05:30 DEBUG 4938 --- [           main] o.s.b.f.s.DefaultListableBeanFactory     : Autowiring by type from bean name 'entityManagerFactory' via factory method to bean named 'entityManagerFactoryBuilder'
2023-08-30T16:43:22.455+05:30 DEBUG 4938 --- [           main] o.s.b.f.s.DefaultListableBeanFactory     : Autowiring by type from bean name 'entityManagerFactory' via factory method to bean named 'persistenceManagedTypes'
2023-08-30T16:43:22.470+05:30 DEBUG 4938 --- [           main] j.LocalContainerEntityManagerFactoryBean : Building JPA container EntityManagerFactory for persistence unit 'default'
2023-08-30T16:43:22.487+05:30  INFO 4938 --- [           main] o.hibernate.jpa.internal.util.LogHelper  : HHH000204: Processing PersistenceUnitInfo [name: default]
2023-08-30T16:43:22.537+05:30  INFO 4938 --- [           main] org.hibernate.Version                    : HHH000412: Hibernate ORM core version 6.2.6.Final
2023-08-30T16:43:22.541+05:30  INFO 4938 --- [           main] org.hibernate.cfg.Environment            : HHH000406: Using bytecode reflection optimizer
2023-08-30T16:43:22.673+05:30  INFO 4938 --- [           main] o.h.b.i.BytecodeProviderInitiator        : HHH000021: Bytecode provider name : bytebuddy
2023-08-30T16:43:22.779+05:30  INFO 4938 --- [           main] o.s.o.j.p.SpringPersistenceUnitInfo      : No LoadTimeWeaver setup: ignoring JPA class transformer
2023-08-30T16:43:22.794+05:30  INFO 4938 --- [           main] com.zaxxer.hikari.HikariDataSource       : HikariPool-1 - Starting...
2023-08-30T16:43:25.086+05:30  INFO 4938 --- [           main] com.zaxxer.hikari.pool.HikariPool        : HikariPool-1 - Added connection org.postgresql.jdbc.PgConnection@5a3cf824
2023-08-30T16:43:25.088+05:30  INFO 4938 --- [           main] com.zaxxer.hikari.HikariDataSource       : HikariPool-1 - Start completed.
2023-08-30T16:43:25.967+05:30  INFO 4938 --- [           main] o.h.b.i.BytecodeProviderInitiator        : HHH000021: Bytecode provider name : bytebuddy
2023-08-30T16:43:26.501+05:30  INFO 4938 --- [           main] o.h.e.t.j.p.i.JtaPlatformInitiator       : HHH000490: Using JtaPlatform implementation: [org.hibernate.engine.transaction.jta.platform.internal.NoJtaPlatform]
2023-08-30T16:43:31.243+05:30  INFO 4938 --- [           main] j.LocalContainerEntityManagerFactoryBean : Initialized JPA EntityManagerFactory for persistence unit 'default'
2023-08-30T16:43:31.248+05:30 DEBUG 4938 --- [           main] o.s.b.f.s.DefaultListableBeanFactory     : Creating shared instance of singleton bean 'blogApplication'
2023-08-30T16:43:31.250+05:30 DEBUG 4938 --- [           main] o.s.b.f.s.DefaultListableBeanFactory     : Creating shared instance of singleton bean 'securityConfig'
2023-08-30T16:43:31.252+05:30 DEBUG 4938 --- [           main] o.s.b.f.s.DefaultListableBeanFactory     : Creating shared instance of singleton bean 'commentController'
2023-08-30T16:43:31.257+05:30 DEBUG 4938 --- [           main] o.s.b.f.s.DefaultListableBeanFactory     : Creating shared instance of singleton bean 'commentServiceImpl'
2023-08-30T16:43:31.258+05:30 DEBUG 4938 --- [           main] o.s.b.f.s.DefaultListableBeanFactory     : Creating shared instance of singleton bean 'commentRepository'
2023-08-30T16:43:31.271+05:30 DEBUG 4938 --- [           main] o.s.b.f.s.DefaultListableBeanFactory     : Creating shared instance of singleton bean 'jpa.named-queries#1'
2023-08-30T16:43:31.276+05:30 DEBUG 4938 --- [           main] o.s.b.f.s.DefaultListableBeanFactory     : Creating shared instance of singleton bean 'jpa.CommentRepository.fragments#0'
2023-08-30T16:43:31.281+05:30 DEBUG 4938 --- [           main] o.s.b.f.s.DefaultListableBeanFactory     : Creating shared instance of singleton bean 'jpaSharedEM_entityManagerFactory'
2023-08-30T16:43:31.306+05:30 DEBUG 4938 --- [           main] o.s.b.f.s.DefaultListableBeanFactory     : Creating shared instance of singleton bean 'jpaMappingContext'
2023-08-30T16:43:31.307+05:30 DEBUG 4938 --- [           main] .c.JpaMetamodelMappingContextFactoryBean : Initializing JpaMetamodelMappingContext…
2023-08-30T16:43:31.324+05:30 DEBUG 4938 --- [           main] .c.JpaMetamodelMappingContextFactoryBean : Finished initializing JpaMetamodelMappingContext
2023-08-30T16:43:31.346+05:30 DEBUG 4938 --- [           main] tor$SharedEntityManagerInvocationHandler : Creating new EntityManager for shared EntityManager invocation
2023-08-30T16:43:31.385+05:30 DEBUG 4938 --- [           main] tor$SharedEntityManagerInvocationHandler : Creating new EntityManager for shared EntityManager invocation
2023-08-30T16:43:31.456+05:30 DEBUG 4938 --- [           main] o.s.d.r.c.s.RepositoryFactorySupport     : Initializing repository instance for com.venkat.blog.repository.CommentRepository…
2023-08-30T16:43:31.475+05:30 DEBUG 4938 --- [           main] tor$SharedEntityManagerInvocationHandler : Creating new EntityManager for shared EntityManager invocation
2023-08-30T16:43:31.549+05:30 DEBUG 4938 --- [           main] o.s.d.jpa.repository.query.NamedQuery    : Looking up named query Comment.findAllByPostId
2023-08-30T16:43:31.552+05:30 DEBUG 4938 --- [           main] o.s.d.jpa.repository.query.NamedQuery    : Did not find named query Comment.findAllByPostId
2023-08-30T16:43:31.557+05:30 DEBUG 4938 --- [           main] tor$SharedEntityManagerInvocationHandler : Creating new EntityManager for shared EntityManager invocation
2023-08-30T16:43:31.622+05:30 DEBUG 4938 --- [           main] o.s.d.r.c.s.RepositoryFactorySupport     : Finished creation of repository instance for com.venkat.blog.repository.CommentRepository.
2023-08-30T16:43:31.628+05:30 DEBUG 4938 --- [           main] o.s.b.f.s.DefaultListableBeanFactory     : Autowiring by type from bean name 'commentServiceImpl' via constructor to bean named 'commentRepository'
2023-08-30T16:43:31.629+05:30 DEBUG 4938 --- [           main] o.s.b.f.s.DefaultListableBeanFactory     : Autowiring by type from bean name 'commentController' via constructor to bean named 'commentServiceImpl'
2023-08-30T16:43:31.630+05:30 DEBUG 4938 --- [           main] o.s.b.f.s.DefaultListableBeanFactory     : Creating shared instance of singleton bean 'homeController'
2023-08-30T16:43:31.632+05:30 DEBUG 4938 --- [           main] o.s.b.f.s.DefaultListableBeanFactory     : Creating shared instance of singleton bean 'postServiceImpl'
2023-08-30T16:43:31.634+05:30 DEBUG 4938 --- [           main] o.s.b.f.s.DefaultListableBeanFactory     : Creating shared instance of singleton bean 'postRepository'
2023-08-30T16:43:31.635+05:30 DEBUG 4938 --- [           main] o.s.b.f.s.DefaultListableBeanFactory     : Creating shared instance of singleton bean 'jpa.named-queries#3'
2023-08-30T16:43:31.637+05:30 DEBUG 4938 --- [           main] o.s.b.f.s.DefaultListableBeanFactory     : Creating shared instance of singleton bean 'jpa.PostRepository.fragments#0'
2023-08-30T16:43:31.638+05:30 DEBUG 4938 --- [           main] tor$SharedEntityManagerInvocationHandler : Creating new EntityManager for shared EntityManager invocation
2023-08-30T16:43:31.639+05:30 DEBUG 4938 --- [           main] o.s.d.r.c.s.RepositoryFactorySupport     : Initializing repository instance for com.venkat.blog.repository.PostRepository…
2023-08-30T16:43:31.639+05:30 DEBUG 4938 --- [           main] tor$SharedEntityManagerInvocationHandler : Creating new EntityManager for shared EntityManager invocation
2023-08-30T16:43:31.698+05:30  INFO 4938 --- [           main] o.s.d.j.r.query.QueryEnhancerFactory     : Hibernate is in classpath; If applicable, HQL parser will be used.
2023-08-30T16:43:31.903+05:30 DEBUG 4938 --- [           main] o.s.d.jpa.repository.query.NamedQuery    : Did not find named query Post.findDistinctAuthorsBySearchRequest.count
2023-08-30T16:43:31.904+05:30 DEBUG 4938 --- [           main] tor$SharedEntityManagerInvocationHandler : Creating new EntityManager for shared EntityManager invocation
2023-08-30T16:43:32.318+05:30 DEBUG 4938 --- [           main] o.s.d.jpa.repository.query.NamedQuery    : Did not find named query Post.filterPosts.count
2023-08-30T16:43:32.319+05:30 DEBUG 4938 --- [           main] tor$SharedEntityManagerInvocationHandler : Creating new EntityManager for shared EntityManager invocation
2023-08-30T16:43:32.445+05:30 DEBUG 4938 --- [           main] o.s.d.jpa.repository.query.NamedQuery    : Looking up named query Post.findAllByIsPublishedFalseAndAdminNameOrderByPublishedAtDesc
2023-08-30T16:43:32.446+05:30 DEBUG 4938 --- [           main] o.s.d.jpa.repository.query.NamedQuery    : Did not find named query Post.findAllByIsPublishedFalseAndAdminNameOrderByPublishedAtDesc
2023-08-30T16:43:32.446+05:30 DEBUG 4938 --- [           main] tor$SharedEntityManagerInvocationHandler : Creating new EntityManager for shared EntityManager invocation
2023-08-30T16:43:32.456+05:30 DEBUG 4938 --- [           main] o.s.d.jpa.repository.query.NamedQuery    : Did not find named query Post.findDistinctTagsBySearchRequest.count
2023-08-30T16:43:32.457+05:30 DEBUG 4938 --- [           main] tor$SharedEntityManagerInvocationHandler : Creating new EntityManager for shared EntityManager invocation
2023-08-30T16:43:32.462+05:30 DEBUG 4938 --- [           main] o.s.d.jpa.repository.query.NamedQuery    : Looking up named query Post.findAllByIsPublishedTrue
2023-08-30T16:43:32.462+05:30 DEBUG 4938 --- [           main] o.s.d.jpa.repository.query.NamedQuery    : Did not find named query Post.findAllByIsPublishedTrue
2023-08-30T16:43:32.462+05:30 DEBUG 4938 --- [           main] tor$SharedEntityManagerInvocationHandler : Creating new EntityManager for shared EntityManager invocation
2023-08-30T16:43:32.464+05:30 DEBUG 4938 --- [           main] o.s.d.jpa.repository.query.NamedQuery    : Looking up named query Post.findAllByIsPublishedTrueAndAdminNameOrderByPublishedAtDesc
2023-08-30T16:43:32.465+05:30 DEBUG 4938 --- [           main] o.s.d.jpa.repository.query.NamedQuery    : Did not find named query Post.findAllByIsPublishedTrueAndAdminNameOrderByPublishedAtDesc
2023-08-30T16:43:32.465+05:30 DEBUG 4938 --- [           main] tor$SharedEntityManagerInvocationHandler : Creating new EntityManager for shared EntityManager invocation
2023-08-30T16:43:32.468+05:30 DEBUG 4938 --- [           main] o.s.d.jpa.repository.query.NamedQuery    : Looking up named query Post.findAllByIsPublishedTrueAndAuthorAndAdminNameIsNullOrderByPublishedAtDesc
2023-08-30T16:43:32.468+05:30 DEBUG 4938 --- [           main] o.s.d.jpa.repository.query.NamedQuery    : Did not find named query Post.findAllByIsPublishedTrueAndAuthorAndAdminNameIsNullOrderByPublishedAtDesc
2023-08-30T16:43:32.468+05:30 DEBUG 4938 --- [           main] tor$SharedEntityManagerInvocationHandler : Creating new EntityManager for shared EntityManager invocation
2023-08-30T16:43:32.475+05:30 DEBUG 4938 --- [           main] o.s.d.jpa.repository.query.NamedQuery    : Did not find named query Post.findAllPostsBySearchRequest.count
2023-08-30T16:43:32.476+05:30 DEBUG 4938 --- [           main] tor$SharedEntityManagerInvocationHandler : Creating new EntityManager for shared EntityManager invocation
2023-08-30T16:43:32.515+05:30 DEBUG 4938 --- [           main] o.s.d.jpa.repository.query.NamedQuery    : Did not find named query Post.findTagsWithPublishedPosts.count
2023-08-30T16:43:32.515+05:30 DEBUG 4938 --- [           main] tor$SharedEntityManagerInvocationHandler : Creating new EntityManager for shared EntityManager invocation
2023-08-30T16:43:32.523+05:30 DEBUG 4938 --- [           main] o.s.d.jpa.repository.query.NamedQuery    : Did not find named query Post.filterAndSearchPosts.count
2023-08-30T16:43:32.523+05:30 DEBUG 4938 --- [           main] tor$SharedEntityManagerInvocationHandler : Creating new EntityManager for shared EntityManager invocation
2023-08-30T16:43:32.542+05:30 DEBUG 4938 --- [           main] o.s.d.jpa.repository.query.NamedQuery    : Did not find named query Post.findAllDistinctAuthorsFromPublishedPosts.count
2023-08-30T16:43:32.543+05:30 DEBUG 4938 --- [           main] tor$SharedEntityManagerInvocationHandler : Creating new EntityManager for shared EntityManager invocation
2023-08-30T16:43:32.545+05:30 DEBUG 4938 --- [           main] o.s.d.jpa.repository.query.NamedQuery    : Looking up named query Post.findAllByIsPublishedFalseAndAuthorAndAdminNameIsNullOrderByPublishedAtDesc
2023-08-30T16:43:32.545+05:30 DEBUG 4938 --- [           main] o.s.d.jpa.repository.query.NamedQuery    : Did not find named query Post.findAllByIsPublishedFalseAndAuthorAndAdminNameIsNullOrderByPublishedAtDesc
2023-08-30T16:43:32.545+05:30 DEBUG 4938 --- [           main] tor$SharedEntityManagerInvocationHandler : Creating new EntityManager for shared EntityManager invocation
2023-08-30T16:43:32.550+05:30 DEBUG 4938 --- [           main] o.s.d.r.c.s.RepositoryFactorySupport     : Finished creation of repository instance for com.venkat.blog.repository.PostRepository.
2023-08-30T16:43:32.551+05:30 DEBUG 4938 --- [           main] o.s.b.f.s.DefaultListableBeanFactory     : Creating shared instance of singleton bean 'tagRepository'
2023-08-30T16:43:32.552+05:30 DEBUG 4938 --- [           main] o.s.b.f.s.DefaultListableBeanFactory     : Creating shared instance of singleton bean 'jpa.named-queries#0'
2023-08-30T16:43:32.554+05:30 DEBUG 4938 --- [           main] o.s.b.f.s.DefaultListableBeanFactory     : Creating shared instance of singleton bean 'jpa.TagRepository.fragments#0'
2023-08-30T16:43:32.556+05:30 DEBUG 4938 --- [           main] tor$SharedEntityManagerInvocationHandler : Creating new EntityManager for shared EntityManager invocation
2023-08-30T16:43:32.556+05:30 DEBUG 4938 --- [           main] o.s.d.r.c.s.RepositoryFactorySupport     : Initializing repository instance for com.venkat.blog.repository.TagRepository…
2023-08-30T16:43:32.557+05:30 DEBUG 4938 --- [           main] tor$SharedEntityManagerInvocationHandler : Creating new EntityManager for shared EntityManager invocation
2023-08-30T16:43:32.572+05:30 DEBUG 4938 --- [           main] o.s.d.jpa.repository.query.NamedQuery    : Looking up named query Tag.findByName
2023-08-30T16:43:32.573+05:30 DEBUG 4938 --- [           main] o.s.d.jpa.repository.query.NamedQuery    : Did not find named query Tag.findByName
2023-08-30T16:43:32.573+05:30 DEBUG 4938 --- [           main] tor$SharedEntityManagerInvocationHandler : Creating new EntityManager for shared EntityManager invocation
2023-08-30T16:43:32.577+05:30 DEBUG 4938 --- [           main] o.s.d.r.c.s.RepositoryFactorySupport     : Finished creation of repository instance for com.venkat.blog.repository.TagRepository.
2023-08-30T16:43:32.578+05:30 DEBUG 4938 --- [           main] o.s.b.f.s.DefaultListableBeanFactory     : Autowiring by type from bean name 'postServiceImpl' via constructor to bean named 'postRepository'
2023-08-30T16:43:32.578+05:30 DEBUG 4938 --- [           main] o.s.b.f.s.DefaultListableBeanFactory     : Autowiring by type from bean name 'postServiceImpl' via constructor to bean named 'tagRepository'
2023-08-30T16:43:32.580+05:30 DEBUG 4938 --- [           main] o.s.b.f.s.DefaultListableBeanFactory     : Autowiring by type from bean name 'homeController' via constructor to bean named 'postServiceImpl'
2023-08-30T16:43:32.582+05:30 DEBUG 4938 --- [           main] o.s.b.f.s.DefaultListableBeanFactory     : Creating shared instance of singleton bean 'postController'
2023-08-30T16:43:32.584+05:30 DEBUG 4938 --- [           main] o.s.b.f.s.DefaultListableBeanFactory     : Creating shared instance of singleton bean 'tagServiceImpl'
2023-08-30T16:43:32.585+05:30 DEBUG 4938 --- [           main] o.s.b.f.s.DefaultListableBeanFactory     : Autowiring by type from bean name 'tagServiceImpl' via constructor to bean named 'tagRepository'
2023-08-30T16:43:32.585+05:30 DEBUG 4938 --- [           main] o.s.b.f.s.DefaultListableBeanFactory     : Autowiring by type from bean name 'tagServiceImpl' via constructor to bean named 'postRepository'
2023-08-30T16:43:32.587+05:30 DEBUG 4938 --- [           main] o.s.b.f.s.DefaultListableBeanFactory     : Creating shared instance of singleton bean 'userServiceImpl'
2023-08-30T16:43:32.588+05:30 DEBUG 4938 --- [           main] o.s.b.f.s.DefaultListableBeanFactory     : Creating shared instance of singleton bean 'userRepository'
2023-08-30T16:43:32.590+05:30 DEBUG 4938 --- [           main] o.s.b.f.s.DefaultListableBeanFactory     : Creating shared instance of singleton bean 'jpa.named-queries#2'
2023-08-30T16:43:32.591+05:30 DEBUG 4938 --- [           main] o.s.b.f.s.DefaultListableBeanFactory     : Creating shared instance of singleton bean 'jpa.UserRepository.fragments#0'
2023-08-30T16:43:32.592+05:30 DEBUG 4938 --- [           main] tor$SharedEntityManagerInvocationHandler : Creating new EntityManager for shared EntityManager invocation
2023-08-30T16:43:32.596+05:30 DEBUG 4938 --- [           main] o.s.d.r.c.s.RepositoryFactorySupport     : Initializing repository instance for com.venkat.blog.repository.UserRepository…
2023-08-30T16:43:32.597+05:30 DEBUG 4938 --- [           main] tor$SharedEntityManagerInvocationHandler : Creating new EntityManager for shared EntityManager invocation
2023-08-30T16:43:32.611+05:30 DEBUG 4938 --- [           main] o.s.d.jpa.repository.query.NamedQuery    : Looking up named query User.findByEmail
2023-08-30T16:43:32.612+05:30 DEBUG 4938 --- [           main] o.s.d.jpa.repository.query.NamedQuery    : Did not find named query User.findByEmail
2023-08-30T16:43:32.612+05:30 DEBUG 4938 --- [           main] tor$SharedEntityManagerInvocationHandler : Creating new EntityManager for shared EntityManager invocation
2023-08-30T16:43:32.615+05:30 DEBUG 4938 --- [           main] o.s.d.jpa.repository.query.NamedQuery    : Looking up named query User.findByName
2023-08-30T16:43:32.616+05:30 DEBUG 4938 --- [           main] o.s.d.jpa.repository.query.NamedQuery    : Did not find named query User.findByName
2023-08-30T16:43:32.616+05:30 DEBUG 4938 --- [           main] tor$SharedEntityManagerInvocationHandler : Creating new EntityManager for shared EntityManager invocation
2023-08-30T16:43:32.620+05:30 DEBUG 4938 --- [           main] o.s.d.r.c.s.RepositoryFactorySupport     : Finished creation of repository instance for com.venkat.blog.repository.UserRepository.
2023-08-30T16:43:32.621+05:30 DEBUG 4938 --- [           main] o.s.b.f.s.DefaultListableBeanFactory     : Creating shared instance of singleton bean 'passwordEncoder'
2023-08-30T16:43:32.623+05:30 DEBUG 4938 --- [           main] o.s.b.f.s.DefaultListableBeanFactory     : Autowiring by type from bean name 'userServiceImpl' via constructor to bean named 'userRepository'
2023-08-30T16:43:32.624+05:30 DEBUG 4938 --- [           main] o.s.b.f.s.DefaultListableBeanFactory     : Autowiring by type from bean name 'userServiceImpl' via constructor to bean named 'passwordEncoder'
2023-08-30T16:43:32.624+05:30 DEBUG 4938 --- [           main] o.s.b.f.s.DefaultListableBeanFactory     : Autowiring by type from bean name 'postController' via constructor to bean named 'postServiceImpl'
2023-08-30T16:43:32.624+05:30 DEBUG 4938 --- [           main] o.s.b.f.s.DefaultListableBeanFactory     : Autowiring by type from bean name 'postController' via constructor to bean named 'commentServiceImpl'
2023-08-30T16:43:32.624+05:30 DEBUG 4938 --- [           main] o.s.b.f.s.DefaultListableBeanFactory     : Autowiring by type from bean name 'postController' via constructor to bean named 'tagServiceImpl'
2023-08-30T16:43:32.624+05:30 DEBUG 4938 --- [           main] o.s.b.f.s.DefaultListableBeanFactory     : Autowiring by type from bean name 'postController' via constructor to bean named 'userServiceImpl'
2023-08-30T16:43:32.625+05:30 DEBUG 4938 --- [           main] o.s.b.f.s.DefaultListableBeanFactory     : Creating shared instance of singleton bean 'userController'
2023-08-30T16:43:32.625+05:30 DEBUG 4938 --- [           main] o.s.b.f.s.DefaultListableBeanFactory     : Autowiring by type from bean name 'userController' via constructor to bean named 'userServiceImpl'
2023-08-30T16:43:32.626+05:30 DEBUG 4938 --- [           main] o.s.b.f.s.DefaultListableBeanFactory     : Creating shared instance of singleton bean 'userDetailsService'
2023-08-30T16:43:32.629+05:30 DEBUG 4938 --- [           main] o.s.b.f.s.DefaultListableBeanFactory     : Creating shared instance of singleton bean 'authenticationProvider'
2023-08-30T16:43:32.655+05:30 DEBUG 4938 --- [           main] o.s.b.f.s.DefaultListableBeanFactory     : Creating shared instance of singleton bean 'filterChain'
2023-08-30T16:43:32.656+05:30 DEBUG 4938 --- [           main] o.s.b.f.s.DefaultListableBeanFactory     : Creating shared instance of singleton bean 'org.springframework.security.config.annotation.web.configuration.HttpSecurityConfiguration'
2023-08-30T16:43:32.662+05:30 DEBUG 4938 --- [           main] o.s.b.f.s.DefaultListableBeanFactory     : Creating shared instance of singleton bean 'objectPostProcessor'
2023-08-30T16:43:32.662+05:30 DEBUG 4938 --- [           main] o.s.b.f.s.DefaultListableBeanFactory     : Creating shared instance of singleton bean 'org.springframework.security.config.annotation.configuration.ObjectPostProcessorConfiguration'
2023-08-30T16:43:32.663+05:30 DEBUG 4938 --- [           main] o.s.b.f.s.DefaultListableBeanFactory     : Autowiring by type from bean name 'objectPostProcessor' via factory method to bean named 'org.springframework.beans.factory.support.DefaultListableBeanFactory@450794b4'
2023-08-30T16:43:32.667+05:30 DEBUG 4938 --- [           main] o.s.b.f.s.DefaultListableBeanFactory     : Creating shared instance of singleton bean 'org.springframework.security.config.annotation.authentication.configuration.AuthenticationConfiguration'
2023-08-30T16:43:32.669+05:30 DEBUG 4938 --- [           main] o.s.b.f.s.DefaultListableBeanFactory     : Creating shared instance of singleton bean 'enableGlobalAuthenticationAutowiredConfigurer'
2023-08-30T16:43:32.670+05:30 DEBUG 4938 --- [           main] o.s.b.f.s.DefaultListableBeanFactory     : Autowiring by type from bean name 'enableGlobalAuthenticationAutowiredConfigurer' via factory method to bean named 'org.springframework.web.context.support.GenericWebApplicationContext@7a56812e'
2023-08-30T16:43:32.673+05:30 DEBUG 4938 --- [           main] o.s.b.f.s.DefaultListableBeanFactory     : Creating shared instance of singleton bean 'initializeUserDetailsBeanManagerConfigurer'
2023-08-30T16:43:32.674+05:30 DEBUG 4938 --- [           main] o.s.b.f.s.DefaultListableBeanFactory     : Autowiring by type from bean name 'initializeUserDetailsBeanManagerConfigurer' via factory method to bean named 'org.springframework.web.context.support.GenericWebApplicationContext@7a56812e'
2023-08-30T16:43:32.675+05:30 DEBUG 4938 --- [           main] o.s.b.f.s.DefaultListableBeanFactory     : Creating shared instance of singleton bean 'initializeAuthenticationProviderBeanManagerConfigurer'
2023-08-30T16:43:32.676+05:30 DEBUG 4938 --- [           main] o.s.b.f.s.DefaultListableBeanFactory     : Autowiring by type from bean name 'initializeAuthenticationProviderBeanManagerConfigurer' via factory method to bean named 'org.springframework.web.context.support.GenericWebApplicationContext@7a56812e'
2023-08-30T16:43:32.679+05:30 DEBUG 4938 --- [           main] o.s.b.f.s.DefaultListableBeanFactory     : Creating shared instance of singleton bean 'mvcContentNegotiationManager'
2023-08-30T16:43:32.679+05:30 DEBUG 4938 --- [           main] o.s.b.f.s.DefaultListableBeanFactory     : Creating shared instance of singleton bean 'org.springframework.boot.autoconfigure.web.servlet.WebMvcAutoConfiguration$EnableWebMvcConfiguration'
2023-08-30T16:43:32.680+05:30 DEBUG 4938 --- [           main] o.s.b.f.s.DefaultListableBeanFactory     : Creating shared instance of singleton bean 'spring.mvc-org.springframework.boot.autoconfigure.web.servlet.WebMvcProperties'
2023-08-30T16:43:32.687+05:30 DEBUG 4938 --- [           main] o.s.b.f.s.DefaultListableBeanFactory     : Creating shared instance of singleton bean 'spring.web-org.springframework.boot.autoconfigure.web.WebProperties'
2023-08-30T16:43:32.691+05:30 DEBUG 4938 --- [           main] o.s.b.f.s.DefaultListableBeanFactory     : Autowiring by type from bean name 'org.springframework.boot.autoconfigure.web.servlet.WebMvcAutoConfiguration$EnableWebMvcConfiguration' via constructor to bean named 'spring.mvc-org.springframework.boot.autoconfigure.web.servlet.WebMvcProperties'
2023-08-30T16:43:32.692+05:30 DEBUG 4938 --- [           main] o.s.b.f.s.DefaultListableBeanFactory     : Autowiring by type from bean name 'org.springframework.boot.autoconfigure.web.servlet.WebMvcAutoConfiguration$EnableWebMvcConfiguration' via constructor to bean named 'spring.web-org.springframework.boot.autoconfigure.web.WebProperties'
2023-08-30T16:43:32.692+05:30 DEBUG 4938 --- [           main] o.s.b.f.s.DefaultListableBeanFactory     : Autowiring by type from bean name 'org.springframework.boot.autoconfigure.web.servlet.WebMvcAutoConfiguration$EnableWebMvcConfiguration' via constructor to bean named 'org.springframework.beans.factory.support.DefaultListableBeanFactory@450794b4'
2023-08-30T16:43:32.696+05:30 DEBUG 4938 --- [           main] o.s.b.f.s.DefaultListableBeanFactory     : Creating shared instance of singleton bean 'org.springframework.boot.autoconfigure.web.servlet.WebMvcAutoConfiguration$WebMvcAutoConfigurationAdapter'
2023-08-30T16:43:32.697+05:30 DEBUG 4938 --- [           main] o.s.b.f.s.DefaultListableBeanFactory     : Autowiring by type from bean name 'org.springframework.boot.autoconfigure.web.servlet.WebMvcAutoConfiguration$WebMvcAutoConfigurationAdapter' via constructor to bean named 'spring.web-org.springframework.boot.autoconfigure.web.WebProperties'
2023-08-30T16:43:32.697+05:30 DEBUG 4938 --- [           main] o.s.b.f.s.DefaultListableBeanFactory     : Autowiring by type from bean name 'org.springframework.boot.autoconfigure.web.servlet.WebMvcAutoConfiguration$WebMvcAutoConfigurationAdapter' via constructor to bean named 'spring.mvc-org.springframework.boot.autoconfigure.web.servlet.WebMvcProperties'
2023-08-30T16:43:32.697+05:30 DEBUG 4938 --- [           main] o.s.b.f.s.DefaultListableBeanFactory     : Autowiring by type from bean name 'org.springframework.boot.autoconfigure.web.servlet.WebMvcAutoConfiguration$WebMvcAutoConfigurationAdapter' via constructor to bean named 'org.springframework.beans.factory.support.DefaultListableBeanFactory@450794b4'
2023-08-30T16:43:32.699+05:30 DEBUG 4938 --- [           main] o.s.b.f.s.DefaultListableBeanFactory     : Creating shared instance of singleton bean 'openEntityManagerInViewInterceptorConfigurer'
2023-08-30T16:43:32.699+05:30 DEBUG 4938 --- [           main] o.s.b.f.s.DefaultListableBeanFactory     : Creating shared instance of singleton bean 'org.springframework.boot.autoconfigure.orm.jpa.JpaBaseConfiguration$JpaWebConfiguration'
2023-08-30T16:43:32.700+05:30 DEBUG 4938 --- [           main] o.s.b.f.s.DefaultListableBeanFactory     : Autowiring by type from bean name 'org.springframework.boot.autoconfigure.orm.jpa.JpaBaseConfiguration$JpaWebConfiguration' via constructor to bean named 'spring.jpa-org.springframework.boot.autoconfigure.orm.jpa.JpaProperties'
2023-08-30T16:43:32.701+05:30 DEBUG 4938 --- [           main] o.s.b.f.s.DefaultListableBeanFactory     : Creating shared instance of singleton bean 'openEntityManagerInViewInterceptor'
2023-08-30T16:43:32.702+05:30  WARN 4938 --- [           main] JpaBaseConfiguration$JpaWebConfiguration : spring.jpa.open-in-view is enabled by default. Therefore, database queries may be performed during view rendering. Explicitly configure spring.jpa.open-in-view to disable this warning
2023-08-30T16:43:32.705+05:30 DEBUG 4938 --- [           main] o.s.b.f.s.DefaultListableBeanFactory     : Autowiring by type from bean name 'openEntityManagerInViewInterceptorConfigurer' via factory method to bean named 'openEntityManagerInViewInterceptor'
2023-08-30T16:43:32.707+05:30 DEBUG 4938 --- [           main] o.s.b.f.s.DefaultListableBeanFactory     : Creating shared instance of singleton bean 'org.springframework.data.web.config.SpringDataWebConfiguration'
2023-08-30T16:43:32.708+05:30 DEBUG 4938 --- [           main] o.s.b.f.s.DefaultListableBeanFactory     : Autowiring by type from bean name 'org.springframework.data.web.config.SpringDataWebConfiguration' via constructor to bean named 'org.springframework.web.context.support.GenericWebApplicationContext@7a56812e'
2023-08-30T16:43:32.710+05:30 DEBUG 4938 --- [           main] o.s.b.f.s.DefaultListableBeanFactory     : Creating shared instance of singleton bean 'org.springframework.security.config.annotation.web.configuration.WebMvcSecurityConfiguration'
2023-08-30T16:43:32.721+05:30 DEBUG 4938 --- [           main] o.s.b.f.s.DefaultListableBeanFactory     : Creating shared instance of singleton bean 'authenticationManagerBuilder'
2023-08-30T16:43:32.722+05:30 DEBUG 4938 --- [           main] o.s.b.f.s.DefaultListableBeanFactory     : Autowiring by type from bean name 'authenticationManagerBuilder' via factory method to bean named 'objectPostProcessor'
2023-08-30T16:43:32.722+05:30 DEBUG 4938 --- [           main] o.s.b.f.s.DefaultListableBeanFactory     : Autowiring by type from bean name 'authenticationManagerBuilder' via factory method to bean named 'org.springframework.web.context.support.GenericWebApplicationContext@7a56812e'
2023-08-30T16:43:32.723+05:30 DEBUG 4938 --- [           main] o.s.b.f.s.DefaultListableBeanFactory     : Creating shared instance of singleton bean 'authenticationEventPublisher'
2023-08-30T16:43:32.723+05:30 DEBUG 4938 --- [           main] o.s.b.f.s.DefaultListableBeanFactory     : Creating shared instance of singleton bean 'org.springframework.boot.autoconfigure.security.servlet.SecurityAutoConfiguration'
2023-08-30T16:43:32.724+05:30 DEBUG 4938 --- [           main] o.s.b.f.s.DefaultListableBeanFactory     : Autowiring by type from bean name 'authenticationEventPublisher' via factory method to bean named 'org.springframework.web.context.support.GenericWebApplicationContext@7a56812e'
2023-08-30T16:43:32.730+05:30 DEBUG 4938 --- [           main] o.s.b.f.s.DefaultListableBeanFactory     : Creating shared instance of singleton bean 'org.springframework.boot.autoconfigure.security.servlet.SpringBootWebSecurityConfiguration$WebSecurityEnablerConfiguration'
2023-08-30T16:43:32.775+05:30 DEBUG 4938 --- [           main] o.s.b.f.s.DefaultListableBeanFactory     : Autowiring by type from bean name 'filterChain' via factory method to bean named 'org.springframework.security.config.annotation.web.configuration.HttpSecurityConfiguration.httpSecurity'
2023-08-30T16:43:32.811+05:30 DEBUG 4938 --- [           main] edFilterInvocationSecurityMetadataSource : Adding web access control expression [permitAll] for ExactUrl [processUrl='/login?error']
2023-08-30T16:43:32.824+05:30 DEBUG 4938 --- [           main] edFilterInvocationSecurityMetadataSource : Adding web access control expression [permitAll] for ExactUrl [processUrl='/authenticateTheUser']
2023-08-30T16:43:32.824+05:30 DEBUG 4938 --- [           main] edFilterInvocationSecurityMetadataSource : Adding web access control expression [permitAll] for ExactUrl [processUrl='/login']
2023-08-30T16:43:32.824+05:30 DEBUG 4938 --- [           main] edFilterInvocationSecurityMetadataSource : Adding web access control expression [permitAll] for Ant [pattern='/logout', POST]
2023-08-30T16:43:32.824+05:30 DEBUG 4938 --- [           main] edFilterInvocationSecurityMetadataSource : Adding web access control expression [permitAll] for ExactUrl [processUrl='/login?logout']
2023-08-30T16:43:32.824+05:30 DEBUG 4938 --- [           main] edFilterInvocationSecurityMetadataSource : Adding web access control expression [authenticated] for Ant [pattern='/new-post']
2023-08-30T16:43:32.824+05:30 DEBUG 4938 --- [           main] edFilterInvocationSecurityMetadataSource : Adding web access control expression [authenticated] for Ant [pattern='/drafts']
2023-08-30T16:43:32.824+05:30 DEBUG 4938 --- [           main] edFilterInvocationSecurityMetadataSource : Adding web access control expression [hasRole('ROLE_AUTHOR')] for Ant [pattern='/update-comment', POST]
2023-08-30T16:43:32.825+05:30 DEBUG 4938 --- [           main] edFilterInvocationSecurityMetadataSource : Adding web access control expression [hasRole('ROLE_AUTHOR')] for Ant [pattern='/delete-comment', POST]
2023-08-30T16:43:32.826+05:30 DEBUG 4938 --- [           main] edFilterInvocationSecurityMetadataSource : Adding web access control expression [hasAnyRole('ROLE_AUTHOR','ROLE_ADMIN')] for Ant [pattern='/save-post', POST]
2023-08-30T16:43:32.826+05:30 DEBUG 4938 --- [           main] edFilterInvocationSecurityMetadataSource : Adding web access control expression [hasAnyRole('ROLE_AUTHOR','ROLE_ADMIN')] for Ant [pattern='/update-post', POST]
2023-08-30T16:43:32.826+05:30 DEBUG 4938 --- [           main] edFilterInvocationSecurityMetadataSource : Adding web access control expression [hasAnyRole('ROLE_AUTHOR','ROLE_ADMIN')] for Ant [pattern='/delete-post', POST]
2023-08-30T16:43:32.826+05:30 DEBUG 4938 --- [           main] edFilterInvocationSecurityMetadataSource : Adding web access control expression [hasAnyRole('ROLE_AUTHOR','ROLE_ADMIN')] for Ant [pattern='/publish', POST]
2023-08-30T16:43:32.826+05:30 DEBUG 4938 --- [           main] edFilterInvocationSecurityMetadataSource : Adding web access control expression [permitAll] for any request
2023-08-30T16:43:32.838+05:30  INFO 4938 --- [           main] o.s.s.web.DefaultSecurityFilterChain     : Will secure any request with [org.springframework.security.web.session.DisableEncodeUrlFilter@26fda5ee, org.springframework.security.web.context.request.async.WebAsyncManagerIntegrationFilter@3de4bfa9, org.springframework.security.web.context.SecurityContextHolderFilter@1d2414a1, org.springframework.security.web.header.HeaderWriterFilter@5e4b92b3, org.springframework.security.web.csrf.CsrfFilter@6bfe7897, org.springframework.security.web.authentication.logout.LogoutFilter@37cc103c, org.springframework.security.web.authentication.UsernamePasswordAuthenticationFilter@4c6f451b, org.springframework.security.web.savedrequest.RequestCacheAwareFilter@37e5111b, org.springframework.security.web.servletapi.SecurityContextHolderAwareRequestFilter@2006249d, org.springframework.security.web.authentication.AnonymousAuthenticationFilter@b956293, org.springframework.security.web.access.ExceptionTranslationFilter@7dc175c6, org.springframework.security.web.access.intercept.FilterSecurityInterceptor@691fa716]
2023-08-30T16:43:32.839+05:30 DEBUG 4938 --- [           main] o.s.b.f.s.DefaultListableBeanFactory     : Creating shared instance of singleton bean 'org.springframework.boot.autoconfigure.context.PropertyPlaceholderAutoConfiguration'
2023-08-30T16:43:32.839+05:30 DEBUG 4938 --- [           main] o.s.b.f.s.DefaultListableBeanFactory     : Creating shared instance of singleton bean 'org.springframework.boot.autoconfigure.ssl.SslAutoConfiguration'
2023-08-30T16:43:32.840+05:30 DEBUG 4938 --- [           main] o.s.b.f.s.DefaultListableBeanFactory     : Creating shared instance of singleton bean 'sslPropertiesSslBundleRegistrar'
2023-08-30T16:43:32.840+05:30 DEBUG 4938 --- [           main] o.s.b.f.s.DefaultListableBeanFactory     : Creating shared instance of singleton bean 'spring.ssl-org.springframework.boot.autoconfigure.ssl.SslProperties'
2023-08-30T16:43:32.841+05:30 DEBUG 4938 --- [           main] o.s.b.f.s.DefaultListableBeanFactory     : Autowiring by type from bean name 'sslPropertiesSslBundleRegistrar' via factory method to bean named 'spring.ssl-org.springframework.boot.autoconfigure.ssl.SslProperties'
2023-08-30T16:43:32.843+05:30 DEBUG 4938 --- [           main] o.s.b.f.s.DefaultListableBeanFactory     : Creating shared instance of singleton bean 'sslBundleRegistry'
2023-08-30T16:43:32.844+05:30 DEBUG 4938 --- [           main] o.s.b.f.s.DefaultListableBeanFactory     : Autowiring by type from bean name 'sslBundleRegistry' via factory method to bean named 'sslPropertiesSslBundleRegistrar'
2023-08-30T16:43:32.847+05:30 DEBUG 4938 --- [           main] o.s.b.f.s.DefaultListableBeanFactory     : Creating shared instance of singleton bean 'org.springframework.boot.context.properties.EnableConfigurationPropertiesRegistrar.methodValidationExcludeFilter'
2023-08-30T16:43:32.850+05:30 DEBUG 4938 --- [           main] o.s.b.f.s.DefaultListableBeanFactory     : Creating shared instance of singleton bean 'org.springframework.boot.autoconfigure.websocket.servlet.WebSocketServletAutoConfiguration$TomcatWebSocketConfiguration'
2023-08-30T16:43:32.851+05:30 DEBUG 4938 --- [           main] o.s.b.f.s.DefaultListableBeanFactory     : Creating shared instance of singleton bean 'websocketServletWebServerCustomizer'
2023-08-30T16:43:32.855+05:30 DEBUG 4938 --- [           main] o.s.b.f.s.DefaultListableBeanFactory     : Creating shared instance of singleton bean 'org.springframework.boot.autoconfigure.websocket.servlet.WebSocketServletAutoConfiguration'
2023-08-30T16:43:32.856+05:30 DEBUG 4938 --- [           main] o.s.b.f.s.DefaultListableBeanFactory     : Creating shared instance of singleton bean 'org.springframework.boot.autoconfigure.web.servlet.ServletWebServerFactoryConfiguration$EmbeddedTomcat'
2023-08-30T16:43:32.856+05:30 DEBUG 4938 --- [           main] o.s.b.f.s.DefaultListableBeanFactory     : Creating shared instance of singleton bean 'tomcatServletWebServerFactory'
2023-08-30T16:43:32.895+05:30 DEBUG 4938 --- [           main] o.s.b.f.s.DefaultListableBeanFactory     : Creating shared instance of singleton bean 'servletWebServerFactoryCustomizer'
2023-08-30T16:43:32.895+05:30 DEBUG 4938 --- [           main] o.s.b.f.s.DefaultListableBeanFactory     : Creating shared instance of singleton bean 'org.springframework.boot.autoconfigure.web.servlet.ServletWebServerFactoryAutoConfiguration'
2023-08-30T16:43:32.896+05:30 DEBUG 4938 --- [           main] o.s.b.f.s.DefaultListableBeanFactory     : Creating shared instance of singleton bean 'server-org.springframework.boot.autoconfigure.web.ServerProperties'
2023-08-30T16:43:32.905+05:30 DEBUG 4938 --- [           main] o.s.b.f.s.DefaultListableBeanFactory     : Autowiring by type from bean name 'servletWebServerFactoryCustomizer' via factory method to bean named 'server-org.springframework.boot.autoconfigure.web.ServerProperties'
2023-08-30T16:43:32.907+05:30 DEBUG 4938 --- [           main] o.s.b.f.s.DefaultListableBeanFactory     : Creating shared instance of singleton bean 'tomcatServletWebServerFactoryCustomizer'
2023-08-30T16:43:32.908+05:30 DEBUG 4938 --- [           main] o.s.b.f.s.DefaultListableBeanFactory     : Autowiring by type from bean name 'tomcatServletWebServerFactoryCustomizer' via factory method to bean named 'server-org.springframework.boot.autoconfigure.web.ServerProperties'
2023-08-30T16:43:32.908+05:30 DEBUG 4938 --- [           main] o.s.b.f.s.DefaultListableBeanFactory     : Creating shared instance of singleton bean 'localeCharsetMappingsCustomizer'
2023-08-30T16:43:32.908+05:30 DEBUG 4938 --- [           main] o.s.b.f.s.DefaultListableBeanFactory     : Creating shared instance of singleton bean 'org.springframework.boot.autoconfigure.web.servlet.HttpEncodingAutoConfiguration'
2023-08-30T16:43:32.909+05:30 DEBUG 4938 --- [           main] o.s.b.f.s.DefaultListableBeanFactory     : Autowiring by type from bean name 'org.springframework.boot.autoconfigure.web.servlet.HttpEncodingAutoConfiguration' via constructor to bean named 'server-org.springframework.boot.autoconfigure.web.ServerProperties'
2023-08-30T16:43:32.921+05:30 DEBUG 4938 --- [           main] o.s.b.f.s.DefaultListableBeanFactory     : Creating shared instance of singleton bean 'errorPageCustomizer'
2023-08-30T16:43:32.922+05:30 DEBUG 4938 --- [           main] o.s.b.f.s.DefaultListableBeanFactory     : Creating shared instance of singleton bean 'org.springframework.boot.autoconfigure.web.servlet.error.ErrorMvcAutoConfiguration'
2023-08-30T16:43:32.922+05:30 DEBUG 4938 --- [           main] o.s.b.f.s.DefaultListableBeanFactory     : Autowiring by type from bean name 'org.springframework.boot.autoconfigure.web.servlet.error.ErrorMvcAutoConfiguration' via constructor to bean named 'server-org.springframework.boot.autoconfigure.web.ServerProperties'
2023-08-30T16:43:32.923+05:30 DEBUG 4938 --- [           main] o.s.b.f.s.DefaultListableBeanFactory     : Creating shared instance of singleton bean 'dispatcherServletRegistration'
2023-08-30T16:43:32.923+05:30 DEBUG 4938 --- [           main] o.s.b.f.s.DefaultListableBeanFactory     : Creating shared instance of singleton bean 'org.springframework.boot.autoconfigure.web.servlet.DispatcherServletAutoConfiguration$DispatcherServletRegistrationConfiguration'
2023-08-30T16:43:32.924+05:30 DEBUG 4938 --- [           main] o.s.b.f.s.DefaultListableBeanFactory     : Creating shared instance of singleton bean 'dispatcherServlet'
2023-08-30T16:43:32.924+05:30 DEBUG 4938 --- [           main] o.s.b.f.s.DefaultListableBeanFactory     : Creating shared instance of singleton bean 'org.springframework.boot.autoconfigure.web.servlet.DispatcherServletAutoConfiguration$DispatcherServletConfiguration'
2023-08-30T16:43:32.924+05:30 DEBUG 4938 --- [           main] o.s.b.f.s.DefaultListableBeanFactory     : Autowiring by type from bean name 'dispatcherServlet' via factory method to bean named 'spring.mvc-org.springframework.boot.autoconfigure.web.servlet.WebMvcProperties'
2023-08-30T16:43:32.933+05:30 DEBUG 4938 --- [           main] o.s.b.f.s.DefaultListableBeanFactory     : Autowiring by type from bean name 'dispatcherServletRegistration' via factory method to bean named 'dispatcherServlet'
2023-08-30T16:43:32.934+05:30 DEBUG 4938 --- [           main] o.s.b.f.s.DefaultListableBeanFactory     : Autowiring by type from bean name 'dispatcherServletRegistration' via factory method to bean named 'spring.mvc-org.springframework.boot.autoconfigure.web.servlet.WebMvcProperties'
2023-08-30T16:43:32.935+05:30 DEBUG 4938 --- [           main] o.s.b.f.s.DefaultListableBeanFactory     : Creating shared instance of singleton bean 'multipartConfigElement'
2023-08-30T16:43:32.936+05:30 DEBUG 4938 --- [           main] o.s.b.f.s.DefaultListableBeanFactory     : Creating shared instance of singleton bean 'org.springframework.boot.autoconfigure.web.servlet.MultipartAutoConfiguration'
2023-08-30T16:43:32.936+05:30 DEBUG 4938 --- [           main] o.s.b.f.s.DefaultListableBeanFactory     : Creating shared instance of singleton bean 'spring.servlet.multipart-org.springframework.boot.autoconfigure.web.servlet.MultipartProperties'
2023-08-30T16:43:32.940+05:30 DEBUG 4938 --- [           main] o.s.b.f.s.DefaultListableBeanFactory     : Autowiring by type from bean name 'org.springframework.boot.autoconfigure.web.servlet.MultipartAutoConfiguration' via constructor to bean named 'spring.servlet.multipart-org.springframework.boot.autoconfigure.web.servlet.MultipartProperties'
2023-08-30T16:43:32.944+05:30 DEBUG 4938 --- [           main] o.s.b.f.s.DefaultListableBeanFactory     : Autowiring by type from bean name 'errorPageCustomizer' via factory method to bean named 'dispatcherServletRegistration'
2023-08-30T16:43:32.947+05:30 DEBUG 4938 --- [           main] o.s.b.f.s.DefaultListableBeanFactory     : Creating shared instance of singleton bean 'org.springframework.boot.autoconfigure.web.servlet.DispatcherServletAutoConfiguration'
2023-08-30T16:43:32.948+05:30 DEBUG 4938 --- [           main] o.s.b.f.s.DefaultListableBeanFactory     : Creating shared instance of singleton bean 'org.springframework.boot.autoconfigure.task.TaskExecutionAutoConfiguration'
2023-08-30T16:43:32.949+05:30 DEBUG 4938 --- [           main] o.s.b.f.s.DefaultListableBeanFactory     : Creating shared instance of singleton bean 'taskExecutorBuilder'
2023-08-30T16:43:32.950+05:30 DEBUG 4938 --- [           main] o.s.b.f.s.DefaultListableBeanFactory     : Creating shared instance of singleton bean 'spring.task.execution-org.springframework.boot.autoconfigure.task.TaskExecutionProperties'
2023-08-30T16:43:32.953+05:30 DEBUG 4938 --- [           main] o.s.b.f.s.DefaultListableBeanFactory     : Autowiring by type from bean name 'taskExecutorBuilder' via factory method to bean named 'spring.task.execution-org.springframework.boot.autoconfigure.task.TaskExecutionProperties'
2023-08-30T16:43:32.956+05:30 DEBUG 4938 --- [           main] o.s.b.f.s.DefaultListableBeanFactory     : Creating shared instance of singleton bean 'org.springframework.boot.autoconfigure.web.servlet.error.ErrorMvcAutoConfiguration$WhitelabelErrorViewConfiguration'
2023-08-30T16:43:32.957+05:30 DEBUG 4938 --- [           main] o.s.b.f.s.DefaultListableBeanFactory     : Creating shared instance of singleton bean 'error'
2023-08-30T16:43:32.958+05:30 DEBUG 4938 --- [           main] o.s.b.f.s.DefaultListableBeanFactory     : Creating shared instance of singleton bean 'beanNameViewResolver'
2023-08-30T16:43:32.959+05:30 DEBUG 4938 --- [           main] o.s.b.f.s.DefaultListableBeanFactory     : Creating shared instance of singleton bean 'org.springframework.boot.autoconfigure.web.servlet.error.ErrorMvcAutoConfiguration$DefaultErrorViewResolverConfiguration'
2023-08-30T16:43:32.959+05:30 DEBUG 4938 --- [           main] o.s.b.f.s.DefaultListableBeanFactory     : Autowiring by type from bean name 'org.springframework.boot.autoconfigure.web.servlet.error.ErrorMvcAutoConfiguration$DefaultErrorViewResolverConfiguration' via constructor to bean named 'org.springframework.web.context.support.GenericWebApplicationContext@7a56812e'
2023-08-30T16:43:32.959+05:30 DEBUG 4938 --- [           main] o.s.b.f.s.DefaultListableBeanFactory     : Autowiring by type from bean name 'org.springframework.boot.autoconfigure.web.servlet.error.ErrorMvcAutoConfiguration$DefaultErrorViewResolverConfiguration' via constructor to bean named 'spring.web-org.springframework.boot.autoconfigure.web.WebProperties'
2023-08-30T16:43:32.960+05:30 DEBUG 4938 --- [           main] o.s.b.f.s.DefaultListableBeanFactory     : Creating shared instance of singleton bean 'conventionErrorViewResolver'
2023-08-30T16:43:32.972+05:30 DEBUG 4938 --- [           main] o.s.b.f.s.DefaultListableBeanFactory     : Creating shared instance of singleton bean 'errorAttributes'
2023-08-30T16:43:32.974+05:30 DEBUG 4938 --- [           main] o.s.b.f.s.DefaultListableBeanFactory     : Creating shared instance of singleton bean 'basicErrorController'
2023-08-30T16:43:32.975+05:30 DEBUG 4938 --- [           main] o.s.b.f.s.DefaultListableBeanFactory     : Autowiring by type from bean name 'basicErrorController' via factory method to bean named 'errorAttributes'
2023-08-30T16:43:32.979+05:30 DEBUG 4938 --- [           main] o.s.b.f.s.DefaultListableBeanFactory     : Creating shared instance of singleton bean 'requestMappingHandlerAdapter'
2023-08-30T16:43:32.981+05:30 DEBUG 4938 --- [           main] o.s.b.f.s.DefaultListableBeanFactory     : Creating shared instance of singleton bean 'mvcConversionService'
2023-08-30T16:43:32.991+05:30 DEBUG 4938 --- [           main] o.s.b.f.s.DefaultListableBeanFactory     : Creating shared instance of singleton bean 'mvcValidator'
2023-08-30T16:43:32.993+05:30 DEBUG 4938 --- [           main] o.s.b.f.s.DefaultListableBeanFactory     : Autowiring by type from bean name 'requestMappingHandlerAdapter' via factory method to bean named 'mvcContentNegotiationManager'
2023-08-30T16:43:32.993+05:30 DEBUG 4938 --- [           main] o.s.b.f.s.DefaultListableBeanFactory     : Autowiring by type from bean name 'requestMappingHandlerAdapter' via factory method to bean named 'mvcConversionService'
2023-08-30T16:43:32.993+05:30 DEBUG 4938 --- [           main] o.s.b.f.s.DefaultListableBeanFactory     : Autowiring by type from bean name 'requestMappingHandlerAdapter' via factory method to bean named 'mvcValidator'
2023-08-30T16:43:33.000+05:30 DEBUG 4938 --- [           main] o.s.b.f.s.DefaultListableBeanFactory     : Creating shared instance of singleton bean 'messageConverters'
2023-08-30T16:43:33.000+05:30 DEBUG 4938 --- [           main] o.s.b.f.s.DefaultListableBeanFactory     : Creating shared instance of singleton bean 'org.springframework.boot.autoconfigure.http.HttpMessageConvertersAutoConfiguration'
2023-08-30T16:43:33.003+05:30 DEBUG 4938 --- [           main] o.s.b.f.s.DefaultListableBeanFactory     : Creating shared instance of singleton bean 'stringHttpMessageConverter'
2023-08-30T16:43:33.004+05:30 DEBUG 4938 --- [           main] o.s.b.f.s.DefaultListableBeanFactory     : Creating shared instance of singleton bean 'org.springframework.boot.autoconfigure.http.HttpMessageConvertersAutoConfiguration$StringHttpMessageConverterConfiguration'
2023-08-30T16:43:33.005+05:30 DEBUG 4938 --- [           main] o.s.b.f.s.DefaultListableBeanFactory     : Autowiring by type from bean name 'stringHttpMessageConverter' via factory method to bean named 'environment'
2023-08-30T16:43:33.012+05:30 DEBUG 4938 --- [           main] o.s.b.f.s.DefaultListableBeanFactory     : Creating shared instance of singleton bean 'mappingJackson2HttpMessageConverter'
2023-08-30T16:43:33.013+05:30 DEBUG 4938 --- [           main] o.s.b.f.s.DefaultListableBeanFactory     : Creating shared instance of singleton bean 'org.springframework.boot.autoconfigure.http.JacksonHttpMessageConvertersConfiguration$MappingJackson2HttpMessageConverterConfiguration'
2023-08-30T16:43:33.014+05:30 DEBUG 4938 --- [           main] o.s.b.f.s.DefaultListableBeanFactory     : Creating shared instance of singleton bean 'jacksonObjectMapper'
2023-08-30T16:43:33.014+05:30 DEBUG 4938 --- [           main] o.s.b.f.s.DefaultListableBeanFactory     : Creating shared instance of singleton bean 'org.springframework.boot.autoconfigure.jackson.JacksonAutoConfiguration$JacksonObjectMapperConfiguration'
2023-08-30T16:43:33.015+05:30 DEBUG 4938 --- [           main] o.s.b.f.s.DefaultListableBeanFactory     : Creating shared instance of singleton bean 'org.springframework.boot.autoconfigure.jackson.JacksonAutoConfiguration$JacksonObjectMapperBuilderConfiguration'
2023-08-30T16:43:33.016+05:30 DEBUG 4938 --- [           main] o.s.b.f.s.DefaultListableBeanFactory     : Creating shared instance of singleton bean 'standardJacksonObjectMapperBuilderCustomizer'
2023-08-30T16:43:33.017+05:30 DEBUG 4938 --- [           main] o.s.b.f.s.DefaultListableBeanFactory     : Creating shared instance of singleton bean 'org.springframework.boot.autoconfigure.jackson.JacksonAutoConfiguration$Jackson2ObjectMapperBuilderCustomizerConfiguration'
2023-08-30T16:43:33.018+05:30 DEBUG 4938 --- [           main] o.s.b.f.s.DefaultListableBeanFactory     : Creating shared instance of singleton bean 'spring.jackson-org.springframework.boot.autoconfigure.jackson.JacksonProperties'
2023-08-30T16:43:33.021+05:30 DEBUG 4938 --- [           main] o.s.b.f.s.DefaultListableBeanFactory     : Autowiring by type from bean name 'standardJacksonObjectMapperBuilderCustomizer' via factory method to bean named 'spring.jackson-org.springframework.boot.autoconfigure.jackson.JacksonProperties'
2023-08-30T16:43:33.022+05:30 DEBUG 4938 --- [           main] o.s.b.f.s.DefaultListableBeanFactory     : Creating shared instance of singleton bean 'parameterNamesModule'
2023-08-30T16:43:33.022+05:30 DEBUG 4938 --- [           main] o.s.b.f.s.DefaultListableBeanFactory     : Creating shared instance of singleton bean 'org.springframework.boot.autoconfigure.jackson.JacksonAutoConfiguration$ParameterNamesModuleConfiguration'
2023-08-30T16:43:33.026+05:30 DEBUG 4938 --- [           main] o.s.b.f.s.DefaultListableBeanFactory     : Creating shared instance of singleton bean 'jsonMixinModule'
2023-08-30T16:43:33.026+05:30 DEBUG 4938 --- [           main] o.s.b.f.s.DefaultListableBeanFactory     : Creating shared instance of singleton bean 'org.springframework.boot.autoconfigure.jackson.JacksonAutoConfiguration$JacksonMixinConfiguration'
2023-08-30T16:43:33.027+05:30 DEBUG 4938 --- [           main] o.s.b.f.s.DefaultListableBeanFactory     : Creating shared instance of singleton bean 'jsonMixinModuleEntries'
2023-08-30T16:43:33.027+05:30 DEBUG 4938 --- [           main] o.s.b.f.s.DefaultListableBeanFactory     : Autowiring by type from bean name 'jsonMixinModuleEntries' via factory method to bean named 'org.springframework.web.context.support.GenericWebApplicationContext@7a56812e'
2023-08-30T16:43:33.063+05:30 DEBUG 4938 --- [           main] o.s.b.f.s.DefaultListableBeanFactory     : Autowiring by type from bean name 'jsonMixinModule' via factory method to bean named 'org.springframework.web.context.support.GenericWebApplicationContext@7a56812e'
2023-08-30T16:43:33.064+05:30 DEBUG 4938 --- [           main] o.s.b.f.s.DefaultListableBeanFactory     : Autowiring by type from bean name 'jsonMixinModule' via factory method to bean named 'jsonMixinModuleEntries'
2023-08-30T16:43:33.065+05:30 DEBUG 4938 --- [           main] o.s.b.f.s.DefaultListableBeanFactory     : Creating shared instance of singleton bean 'jsonComponentModule'
2023-08-30T16:43:33.066+05:30 DEBUG 4938 --- [           main] o.s.b.f.s.DefaultListableBeanFactory     : Creating shared instance of singleton bean 'org.springframework.boot.autoconfigure.jackson.JacksonAutoConfiguration'
2023-08-30T16:43:33.071+05:30 DEBUG 4938 --- [           main] o.s.b.f.s.DefaultListableBeanFactory     : Creating shared instance of singleton bean 'jacksonGeoModule'
2023-08-30T16:43:33.071+05:30 DEBUG 4938 --- [           main] o.s.b.f.s.DefaultListableBeanFactory     : Creating shared instance of singleton bean 'org.springframework.data.web.config.SpringDataJacksonConfiguration'
2023-08-30T16:43:33.074+05:30 DEBUG 4938 --- [           main] o.s.b.f.s.DefaultListableBeanFactory     : Autowiring by type from bean name 'jacksonObjectMapperBuilder' via factory method to bean named 'org.springframework.web.context.support.GenericWebApplicationContext@7a56812e'
2023-08-30T16:43:33.074+05:30 DEBUG 4938 --- [           main] o.s.b.f.s.DefaultListableBeanFactory     : Autowiring by type from bean name 'jacksonObjectMapperBuilder' via factory method to bean named 'standardJacksonObjectMapperBuilderCustomizer'
2023-08-30T16:43:33.076+05:30 DEBUG 4938 --- [           main] o.s.b.f.s.DefaultListableBeanFactory     : Autowiring by type from bean name 'jacksonObjectMapper' via factory method to bean named 'jacksonObjectMapperBuilder'
2023-08-30T16:43:33.094+05:30 DEBUG 4938 --- [           main] o.s.b.f.s.DefaultListableBeanFactory     : Autowiring by type from bean name 'mappingJackson2HttpMessageConverter' via factory method to bean named 'jacksonObjectMapper'
2023-08-30T16:43:33.127+05:30 DEBUG 4938 --- [           main] o.s.b.f.s.DefaultListableBeanFactory     : Creating shared instance of singleton bean 'sortResolver'
2023-08-30T16:43:33.128+05:30 DEBUG 4938 --- [           main] o.s.b.f.s.DefaultListableBeanFactory     : Creating shared instance of singleton bean 'sortCustomizer'
2023-08-30T16:43:33.129+05:30 DEBUG 4938 --- [           main] o.s.b.f.s.DefaultListableBeanFactory     : Creating shared instance of singleton bean 'org.springframework.boot.autoconfigure.data.web.SpringDataWebAutoConfiguration'
2023-08-30T16:43:33.129+05:30 DEBUG 4938 --- [           main] o.s.b.f.s.DefaultListableBeanFactory     : Creating shared instance of singleton bean 'spring.data.web-org.springframework.boot.autoconfigure.data.web.SpringDataWebProperties'
2023-08-30T16:43:33.130+05:30 DEBUG 4938 --- [           main] o.s.b.f.s.DefaultListableBeanFactory     : Autowiring by type from bean name 'org.springframework.boot.autoconfigure.data.web.SpringDataWebAutoConfiguration' via constructor to bean named 'spring.data.web-org.springframework.boot.autoconfigure.data.web.SpringDataWebProperties'
2023-08-30T16:43:33.134+05:30 DEBUG 4938 --- [           main] o.s.b.f.s.DefaultListableBeanFactory     : Creating shared instance of singleton bean 'pageableResolver'
2023-08-30T16:43:33.135+05:30 DEBUG 4938 --- [           main] o.s.b.f.s.DefaultListableBeanFactory     : Creating shared instance of singleton bean 'pageableCustomizer'
2023-08-30T16:43:33.139+05:30 DEBUG 4938 --- [           main] o.s.b.f.s.DefaultListableBeanFactory     : Creating shared instance of singleton bean 'applicationTaskExecutor'
2023-08-30T16:43:33.140+05:30 DEBUG 4938 --- [           main] o.s.b.f.s.DefaultListableBeanFactory     : Autowiring by type from bean name 'applicationTaskExecutor' via factory method to bean named 'taskExecutorBuilder'
2023-08-30T16:43:33.146+05:30 DEBUG 4938 --- [           main] o.s.s.concurrent.ThreadPoolTaskExecutor  : Initializing ExecutorService 'applicationTaskExecutor'
2023-08-30T16:43:33.160+05:30 DEBUG 4938 --- [           main] s.w.s.m.m.a.RequestMappingHandlerAdapter : ControllerAdvice beans: 0 @ModelAttribute, 0 @InitBinder, 1 RequestBodyAdvice, 1 ResponseBodyAdvice
2023-08-30T16:43:33.184+05:30 DEBUG 4938 --- [           main] o.s.b.f.s.DefaultListableBeanFactory     : Creating shared instance of singleton bean 'welcomePageHandlerMapping'
2023-08-30T16:43:33.186+05:30 DEBUG 4938 --- [           main] o.s.b.f.s.DefaultListableBeanFactory     : Creating shared instance of singleton bean 'mvcResourceUrlProvider'
2023-08-30T16:43:33.188+05:30 DEBUG 4938 --- [           main] o.s.b.f.s.DefaultListableBeanFactory     : Autowiring by type from bean name 'welcomePageHandlerMapping' via factory method to bean named 'org.springframework.web.context.support.GenericWebApplicationContext@7a56812e'
2023-08-30T16:43:33.188+05:30 DEBUG 4938 --- [           main] o.s.b.f.s.DefaultListableBeanFactory     : Autowiring by type from bean name 'welcomePageHandlerMapping' via factory method to bean named 'mvcConversionService'
2023-08-30T16:43:33.188+05:30 DEBUG 4938 --- [           main] o.s.b.f.s.DefaultListableBeanFactory     : Autowiring by type from bean name 'welcomePageHandlerMapping' via factory method to bean named 'mvcResourceUrlProvider'
2023-08-30T16:43:33.201+05:30 DEBUG 4938 --- [           main] o.s.b.f.s.DefaultListableBeanFactory     : Creating shared instance of singleton bean 'welcomePageNotAcceptableHandlerMapping'
[...]

   RSocketGraphQlClientAutoConfiguration:
      Did not match:
         - @ConditionalOnClass did not find required class 'graphql.GraphQL' (OnClassCondition)

   RSocketMessagingAutoConfiguration:
      Did not match:
         - @ConditionalOnClass did not find required class 'io.rsocket.RSocket' (OnClassCondition)

   RSocketRequesterAutoConfiguration:
      Did not match:
         - @ConditionalOnClass did not find required class 'io.rsocket.RSocket' (OnClassCondition)

   RSocketSecurityAutoConfiguration:
      Did not match:
         - @ConditionalOnClass did not find required class 'org.springframework.security.rsocket.core.SecuritySocketAcceptorInterceptor' (OnClassCondition)

   RSocketServerAutoConfiguration:
      Did not match:
         - @ConditionalOnClass did not find required class 'io.rsocket.core.RSocketServer' (OnClassCondition)

   RSocketStrategiesAutoConfiguration:
      Did not match:
         - @ConditionalOnClass did not find required class 'io.netty.buffer.PooledByteBufAllocator' (OnClassCondition)

   RabbitAutoConfiguration:
      Did not match:
         - @ConditionalOnClass did not find required class 'com.rabbitmq.client.Channel' (OnClassCondition)

   ReactiveElasticsearchClientAutoConfiguration:
      Did not match:
         - @ConditionalOnClass did not find required class 'co.elastic.clients.transport.ElasticsearchTransport' (OnClassCondition)

   ReactiveElasticsearchRepositoriesAutoConfiguration:
      Did not match:
         - @ConditionalOnClass did not find required class 'org.springframework.data.elasticsearch.client.elc.ReactiveElasticsearchClient' (OnClassCondition)

   ReactiveMultipartAutoConfiguration:
      Did not match:
         - @ConditionalOnClass did not find required class 'org.springframework.web.reactive.config.WebFluxConfigurer' (OnClassCondition)

   ReactiveOAuth2ClientAutoConfiguration:
      Did not match:
         - @ConditionalOnClass did not find required class 'reactor.core.publisher.Flux' (OnClassCondition)

   ReactiveOAuth2ResourceServerAutoConfiguration:
      Did not match:
         - @ConditionalOnWebApplication did not find reactive web application classes (OnWebApplicationCondition)

   ReactiveSecurityAutoConfiguration:
      Did not match:
         - @ConditionalOnClass did not find required class 'reactor.core.publisher.Flux' (OnClassCondition)

   ReactiveUserDetailsServiceAutoConfiguration:
      Did not match:
         - AnyNestedCondition 0 matched 2 did not; NestedCondition on ReactiveUserDetailsServiceAutoConfiguration.ReactiveUserDetailsServiceCondition.ReactiveWebApplicationCondition did not find reactive web application classes; NestedCondition on ReactiveUserDetailsServiceAutoConfiguration.ReactiveUserDetailsServiceCondition.RSocketSecurityEnabledCondition @ConditionalOnBean (types: org.springframework.messaging.rsocket.annotation.support.RSocketMessageHandler; SearchStrategy: all) did not find any beans of type org.springframework.messaging.rsocket.annotation.support.RSocketMessageHandler (ReactiveUserDetailsServiceAutoConfiguration.ReactiveUserDetailsServiceCondition)
      Matched:
         - @ConditionalOnClass found required class 'org.springframework.security.authentication.ReactiveAuthenticationManager' (OnClassCondition)

   ReactiveWebServerFactoryAutoConfiguration:
      Did not match:
         - @ConditionalOnWebApplication did not find reactive web application classes (OnWebApplicationCondition)

   RedisAutoConfiguration:
      Did not match:
         - @ConditionalOnClass did not find required class 'org.springframework.data.redis.core.RedisOperations' (OnClassCondition)

   RedisCacheConfiguration:
      Did not match:
         - @ConditionalOnClass did not find required class 'org.springframework.data.redis.connection.RedisConnectionFactory' (OnClassCondition)

   RedisReactiveAutoConfiguration:
      Did not match:
         - @ConditionalOnClass did not find required class 'reactor.core.publisher.Flux' (OnClassCondition)

   RedisRepositoriesAutoConfiguration:
      Did not match:
         - @ConditionalOnClass did not find required class 'org.springframework.data.redis.repository.configuration.EnableRedisRepositories' (OnClassCondition)

   RemoteDevToolsAutoConfiguration:
      Did not match:
         - @ConditionalOnProperty (spring.devtools.remote.secret) did not find property 'secret' (OnPropertyCondition)
      Matched:
         - @ConditionalOnClass found required classes 'jakarta.servlet.Filter', 'org.springframework.http.server.ServerHttpRequest' (OnClassCondition)

   RepositoryRestMvcAutoConfiguration:
      Did not match:
         - @ConditionalOnClass did not find required class 'org.springframework.data.rest.webmvc.config.RepositoryRestMvcConfiguration' (OnClassCondition)

   Saml2RelyingPartyAutoConfiguration:
      Did not match:
         - @ConditionalOnClass did not find required class 'org.springframework.security.saml2.provider.service.registration.RelyingPartyRegistrationRepository' (OnClassCondition)

   SecurityDataConfiguration:
      Did not match:
         - @ConditionalOnClass did not find required class 'org.springframework.security.data.repository.query.SecurityEvaluationContextExtension' (OnClassCondition)

   SendGridAutoConfiguration:
      Did not match:
         - @ConditionalOnClass did not find required class 'com.sendgrid.SendGrid' (OnClassCondition)

   ServletWebServerFactoryAutoConfiguration.ForwardedHeaderFilterConfiguration:
      Did not match:
         - @ConditionalOnProperty (server.forward-headers-strategy=framework) did not find property 'server.forward-headers-strategy' (OnPropertyCondition)

   ServletWebServerFactoryConfiguration.EmbeddedJetty:
      Did not match:
         - @ConditionalOnClass did not find required classes 'org.eclipse.jetty.server.Server', 'org.eclipse.jetty.util.Loader', 'org.eclipse.jetty.webapp.WebAppContext' (OnClassCondition)

   ServletWebServerFactoryConfiguration.EmbeddedUndertow:
      Did not match:
         - @ConditionalOnClass did not find required classes 'io.undertow.Undertow', 'org.xnio.SslClientAuthMode' (OnClassCondition)

   SessionAutoConfiguration:
      Did not match:
         - @ConditionalOnClass did not find required class 'org.springframework.session.Session' (OnClassCondition)

   SpringApplicationAdminJmxAutoConfiguration:
      Did not match:
         - @ConditionalOnProperty (spring.application.admin.enabled=true) did not find property 'enabled' (OnPropertyCondition)

   SpringBootWebSecurityConfiguration.SecurityFilterChainConfiguration:
      Did not match:
         - AllNestedConditions 1 matched 1 did not; NestedCondition on DefaultWebSecurityCondition.Beans @ConditionalOnMissingBean (types: org.springframework.security.web.SecurityFilterChain; SearchStrategy: all) found beans of type 'org.springframework.security.web.SecurityFilterChain' filterChain; NestedCondition on DefaultWebSecurityCondition.Classes @ConditionalOnClass found required classes 'org.springframework.security.web.SecurityFilterChain', 'org.springframework.security.config.annotation.web.builders.HttpSecurity' (DefaultWebSecurityCondition)

   TaskSchedulingAutoConfiguration#scheduledBeanLazyInitializationExcludeFilter:
      Did not match:
         - @ConditionalOnBean (names: org.springframework.context.annotation.internalScheduledAnnotationProcessor; SearchStrategy: all) did not find any beans named org.springframework.context.annotation.internalScheduledAnnotationProcessor (OnBeanCondition)

   TaskSchedulingAutoConfiguration#taskScheduler:
      Did not match:
         - @ConditionalOnBean (names: org.springframework.context.annotation.internalScheduledAnnotationProcessor; SearchStrategy: all) did not find any beans named org.springframework.context.annotation.internalScheduledAnnotationProcessor (OnBeanCondition)

   TemplateEngineConfigurations.ReactiveTemplateEngineConfiguration:
      Did not match:
         - did not find reactive web application classes (OnWebApplicationCondition)

   ThymeleafAutoConfiguration.DataAttributeDialectConfiguration:
      Did not match:
         - @ConditionalOnClass did not find required class 'com.github.mxab.thymeleaf.extras.dataattribute.dialect.DataAttributeDialect' (OnClassCondition)

   ThymeleafAutoConfiguration.ThymeleafWebFluxConfiguration:
      Did not match:
         - did not find reactive web application classes (OnWebApplicationCondition)

   ThymeleafAutoConfiguration.ThymeleafWebLayoutConfiguration:
      Did not match:
         - @ConditionalOnClass did not find required class 'nz.net.ultraq.thymeleaf.layoutdialect.LayoutDialect' (OnClassCondition)

   ThymeleafAutoConfiguration.ThymeleafWebMvcConfiguration#resourceUrlEncodingFilter:
      Did not match:
         - @ConditionalOnEnabledResourceChain did not find class org.webjars.WebJarAssetLocator (OnEnabledResourceChainCondition)

   TransactionAutoConfiguration#transactionalOperator:
      Did not match:
         - @ConditionalOnSingleCandidate (types: org.springframework.transaction.ReactiveTransactionManager; SearchStrategy: all) did not find any beans (OnBeanCondition)

   TransactionAutoConfiguration.EnableTransactionManagementConfiguration.JdkDynamicAutoProxyConfiguration:
      Did not match:
         - @ConditionalOnProperty (spring.aop.proxy-target-class=false) did not find property 'proxy-target-class' (OnPropertyCondition)

   UserDetailsServiceAutoConfiguration:
      Did not match:
         - @ConditionalOnMissingBean (types: org.springframework.security.authentication.AuthenticationManager,org.springframework.security.authentication.AuthenticationProvider,org.springframework.security.core.userdetails.UserDetailsService,org.springframework.security.authentication.AuthenticationManagerResolver,org.springframework.security.oauth2.jwt.JwtDecoder,org.springframework.security.oauth2.server.resource.introspection.OpaqueTokenIntrospector,org.springframework.security.oauth2.client.registration.ClientRegistrationRepository,org.springframework.security.saml2.provider.service.registration.RelyingPartyRegistrationRepository; SearchStrategy: all) found beans of type 'org.springframework.security.core.userdetails.UserDetailsService' userDetailsService and found beans of type 'org.springframework.security.authentication.AuthenticationProvider' authenticationProvider (OnBeanCondition)
      Matched:
         - @ConditionalOnClass found required class 'org.springframework.security.authentication.AuthenticationManager' (OnClassCondition)

   ValidationAutoConfiguration:
      Did not match:
         - @ConditionalOnClass did not find required class 'jakarta.validation.executable.ExecutableValidator' (OnClassCondition)

   WebClientAutoConfiguration:
      Did not match:
         - @ConditionalOnClass did not find required class 'org.springframework.web.reactive.function.client.WebClient' (OnClassCondition)

   WebFluxAutoConfiguration:
      Did not match:
         - @ConditionalOnClass did not find required class 'org.springframework.web.reactive.config.WebFluxConfigurer' (OnClassCondition)

   WebMvcAutoConfiguration#hiddenHttpMethodFilter:
      Did not match:
         - @ConditionalOnProperty (spring.mvc.hiddenmethod.filter.enabled) did not find property 'enabled' (OnPropertyCondition)

   WebMvcAutoConfiguration.ProblemDetailsErrorHandlingConfiguration:
      Did not match:
         - @ConditionalOnProperty (spring.mvc.problemdetails.enabled=true) did not find property 'enabled' (OnPropertyCondition)

   WebMvcAutoConfiguration.ResourceChainCustomizerConfiguration:
      Did not match:
         - @ConditionalOnEnabledResourceChain did not find class org.webjars.WebJarAssetLocator (OnEnabledResourceChainCondition)

   WebMvcAutoConfiguration.WebMvcAutoConfigurationAdapter#beanNameViewResolver:
      Did not match:
         - @ConditionalOnMissingBean (types: org.springframework.web.servlet.view.BeanNameViewResolver; SearchStrategy: all) found beans of type 'org.springframework.web.servlet.view.BeanNameViewResolver' beanNameViewResolver (OnBeanCondition)

   WebServiceTemplateAutoConfiguration:
      Did not match:
         - @ConditionalOnClass did not find required class 'org.springframework.oxm.Marshaller' (OnClassCondition)

   WebServicesAutoConfiguration:
      Did not match:
         - @ConditionalOnClass did not find required class 'org.springframework.ws.transport.http.MessageDispatcherServlet' (OnClassCondition)

   WebSessionIdResolverAutoConfiguration:
      Did not match:
         - @ConditionalOnClass did not find required class 'reactor.core.publisher.Mono' (OnClassCondition)

   WebSocketMessagingAutoConfiguration:
      Did not match:
         - @ConditionalOnClass did not find required class 'org.springframework.web.socket.config.annotation.WebSocketMessageBrokerConfigurer' (OnClassCondition)

   WebSocketReactiveAutoConfiguration:
      Did not match:
         - @ConditionalOnWebApplication did not find reactive web application classes (OnWebApplicationCondition)

   WebSocketServletAutoConfiguration.JettyWebSocketConfiguration:
      Did not match:
         - @ConditionalOnClass did not find required class 'org.eclipse.jetty.websocket.jakarta.server.config.JakartaWebSocketServletContainerInitializer' (OnClassCondition)

   WebSocketServletAutoConfiguration.UndertowWebSocketConfiguration:
      Did not match:
         - @ConditionalOnClass did not find required class 'io.undertow.websockets.jsr.Bootstrap' (OnClassCondition)

   XADataSourceAutoConfiguration:
      Did not match:
         - @ConditionalOnBean (types: org.springframework.boot.jdbc.XADataSourceWrapper; SearchStrategy: all) did not find any beans of type org.springframework.boot.jdbc.XADataSourceWrapper (OnBeanCondition)
      Matched:
         - @ConditionalOnClass found required classes 'javax.sql.DataSource', 'jakarta.transaction.TransactionManager', 'org.springframework.jdbc.datasource.embedded.EmbeddedDatabaseType' (OnClassCondition)


Exclusions:
-----------

    None


Unconditional classes:
----------------------

    org.springframework.boot.autoconfigure.context.ConfigurationPropertiesAutoConfiguration

    org.springframework.boot.autoconfigure.ssl.SslAutoConfiguration

    org.springframework.boot.autoconfigure.context.LifecycleAutoConfiguration

    org.springframework.boot.autoconfigure.context.PropertyPlaceholderAutoConfiguration

    org.springframework.boot.autoconfigure.availability.ApplicationAvailabilityAutoConfiguration

    org.springframework.boot.autoconfigure.info.ProjectInfoAutoConfiguration



2023-08-30T16:43:33.478+05:30  INFO 4938 --- [           main] com.venkat.BlogApplicationTests          : Started BlogApplicationTests in 12.556 seconds (process running for 13.317)
2023-08-30T16:43:33.481+05:30 DEBUG 4938 --- [           main] o.s.b.a.ApplicationAvailabilityBean      : Application availability state LivenessState changed to CORRECT
2023-08-30T16:43:33.483+05:30 DEBUG 4938 --- [           main] o.s.boot.devtools.restart.Restarter      : Creating new Restarter for thread Thread[main,5,main]
2023-08-30T16:43:33.484+05:30 DEBUG 4938 --- [           main] o.s.b.a.ApplicationAvailabilityBean      : Application availability state ReadinessState changed to ACCEPTING_TRAFFIC
2023-08-30T16:43:33.485+05:30 DEBUG 4938 --- [           main] org.springframework.test.context.cache   : Spring test ApplicationContext cache statistics: [DefaultContextCache@58c02b7f size = 1, maxSize = 32, parentContextCount = 0, hitCount = 0, missCount = 1]
2023-08-30T16:43:33.487+05:30 DEBUG 4938 --- [           main] o.s.t.c.w.ServletTestExecutionListener   : Setting up MockHttpServletRequest, MockHttpServletResponse, ServletWebRequest, and RequestContextHolder for test class com.venkat.BlogApplicationTests
2023-08-30T16:43:33.500+05:30 DEBUG 4938 --- [           main] DependencyInjectionTestExecutionListener : Performing dependency injection for test class com.venkat.BlogApplicationTests
2023-08-30T16:43:33.500+05:30 DEBUG 4938 --- [           main] org.springframework.test.context.cache   : Spring test ApplicationContext cache statistics: [DefaultContextCache@58c02b7f size = 1, maxSize = 32, parentContextCount = 0, hitCount = 1, missCount = 1]
2023-08-30T16:43:33.502+05:30 DEBUG 4938 --- [           main] org.springframework.test.context.cache   : Spring test ApplicationContext cache statistics: [DefaultContextCache@58c02b7f size = 1, maxSize = 32, parentContextCount = 0, hitCount = 2, missCount = 1]
2023-08-30T16:43:33.513+05:30 DEBUG 4938 --- [           main] sContextBeforeModesTestExecutionListener : Before test method: class [BlogApplicationTests], method [contextLoads], class annotated with @DirtiesContext [false] with mode [null], method annotated with @DirtiesContext [false] with mode [null]
2023-08-30T16:43:33.519+05:30 DEBUG 4938 --- [           main] org.springframework.test.context.cache   : Spring test ApplicationContext cache statistics: [DefaultContextCache@58c02b7f size = 1, maxSize = 32, parentContextCount = 0, hitCount = 3, missCount = 1]
2023-08-30T16:43:33.520+05:30 DEBUG 4938 --- [           main] org.springframework.test.context.cache   : Spring test ApplicationContext cache statistics: [DefaultContextCache@58c02b7f size = 1, maxSize = 32, parentContextCount = 0, hitCount = 4, missCount = 1]
2023-08-30T16:43:33.978+05:30 DEBUG 4938 --- [           main] org.springframework.test.context.cache   : Spring test ApplicationContext cache statistics: [DefaultContextCache@58c02b7f size = 1, maxSize = 32, parentContextCount = 0, hitCount = 5, missCount = 1]
2023-08-30T16:43:33.983+05:30 DEBUG 4938 --- [           main] org.springframework.test.context.cache   : Spring test ApplicationContext cache statistics: [DefaultContextCache@58c02b7f size = 1, maxSize = 32, parentContextCount = 0, hitCount = 6, missCount = 1]
2023-08-30T16:43:33.985+05:30 DEBUG 4938 --- [           main] org.springframework.test.context.cache   : Spring test ApplicationContext cache statistics: [DefaultContextCache@58c02b7f size = 1, maxSize = 32, parentContextCount = 0, hitCount = 7, missCount = 1]
2023-08-30T16:43:33.985+05:30 DEBUG 4938 --- [           main] org.springframework.test.context.cache   : Spring test ApplicationContext cache statistics: [DefaultContextCache@58c02b7f size = 1, maxSize = 32, parentContextCount = 0, hitCount = 8, missCount = 1]
2023-08-30T16:43:33.986+05:30 DEBUG 4938 --- [           main] org.springframework.test.context.cache   : Spring test ApplicationContext cache statistics: [DefaultContextCache@58c02b7f size = 1, maxSize = 32, parentContextCount = 0, hitCount = 9, missCount = 1]
2023-08-30T16:43:33.987+05:30 DEBUG 4938 --- [           main] org.springframework.test.context.cache   : Spring test ApplicationContext cache statistics: [DefaultContextCache@58c02b7f size = 1, maxSize = 32, parentContextCount = 0, hitCount = 10, missCount = 1]
2023-08-30T16:43:33.989+05:30 DEBUG 4938 --- [           main] org.springframework.test.context.cache   : Spring test ApplicationContext cache statistics: [DefaultContextCache@58c02b7f size = 1, maxSize = 32, parentContextCount = 0, hitCount = 11, missCount = 1]
2023-08-30T16:43:33.990+05:30 DEBUG 4938 --- [           main] org.springframework.test.context.cache   : Spring test ApplicationContext cache statistics: [DefaultContextCache@58c02b7f size = 1, maxSize = 32, parentContextCount = 0, hitCount = 12, missCount = 1]
2023-08-30T16:43:33.991+05:30 DEBUG 4938 --- [           main] .c.s.DirtiesContextTestExecutionListener : After test method: class [BlogApplicationTests], method [contextLoads], class annotated with @DirtiesContext [false] with mode [null], method annotated with @DirtiesContext [false] with mode [null]
2023-08-30T16:43:33.991+05:30 DEBUG 4938 --- [           main] o.s.t.c.w.ServletTestExecutionListener   : Resetting RequestContextHolder for test class com.venkat.BlogApplicationTests
]]></system-out>
  </testcase>
</testsuite>